2024-05-26 12:34:49,473, 46, INFO, testpack\Dungeontroll - A Gentle Whisper from the Evergarden\Dungeontroll - A Gentle Whisper from the Evergarden - 01 A Somber Song for the Forest.mp3
2024-05-26 12:34:49,489, 46, INFO, testpack\Dungeontroll - A Gentle Whisper from the Evergarden\Dungeontroll - A Gentle Whisper from the Evergarden - 02 In Eternal Reverence to the Wanderer.mp3
2024-05-26 12:34:49,496, 46, INFO, testpack\Dungeontroll - A Gentle Whisper from the Evergarden\Dungeontroll - A Gentle Whisper from the Evergarden - 03 The Palace of the Great Elf.mp3
2024-05-26 12:34:49,502, 46, INFO, testpack\Dungeontroll - A Gentle Whisper from the Evergarden\Dungeontroll - A Gentle Whisper from the Evergarden - 04 Remnants of Eureliiea Beneath the Crescent Moon.mp3
2024-05-26 12:34:49,506, 46, INFO, testpack\Dungeontroll - A Gentle Whisper from the Evergarden\Dungeontroll - A Gentle Whisper from the Evergarden - 05 A Shining Presence Amongst the Stars.mp3
2024-05-26 12:34:49,511, 46, INFO, testpack\RUNA & Fen Lume - Ringwraiths (split)\RUNA & Fen Lume - Ringwraiths (split) - 01 RUNA - From the Dark Abyss.mp3
2024-05-26 12:34:49,515, 46, INFO, testpack\RUNA & Fen Lume - Ringwraiths (split)\RUNA & Fen Lume - Ringwraiths (split) - 02 RUNA - Riders.mp3
2024-05-26 12:34:49,520, 46, INFO, testpack\RUNA & Fen Lume - Ringwraiths (split)\RUNA & Fen Lume - Ringwraiths (split) - 03 RUNA - Ringwraiths.mp3
2024-05-26 12:34:49,524, 46, INFO, testpack\RUNA & Fen Lume - Ringwraiths (split)\RUNA & Fen Lume - Ringwraiths (split) - 04 RUNA - Where the Shadows Lie.mp3
2024-05-26 12:34:49,531, 46, INFO, testpack\RUNA & Fen Lume - Ringwraiths (split)\RUNA & Fen Lume - Ringwraiths (split) - 05 RUNA - Into the Dark Abyss.mp3
2024-05-26 12:34:49,536, 46, INFO, testpack\RUNA & Fen Lume - Ringwraiths (split)\RUNA & Fen Lume - Ringwraiths (split) - 06 Fen Lume - the Falls of Rauros.mp3
2024-05-26 12:34:49,540, 46, INFO, testpack\RUNA & Fen Lume - Ringwraiths (split)\RUNA & Fen Lume - Ringwraiths (split) - 07 Fen Lume - Dor Daedeloth.mp3
2024-05-26 12:34:49,545, 46, INFO, testpack\RUNA & Fen Lume - Ringwraiths (split)\RUNA & Fen Lume - Ringwraiths (split) - 08 Fen Lume - Ekkaia.mp3
2024-05-26 12:34:49,549, 46, INFO, testpack\RUNA & Fen Lume - Ringwraiths (split)\RUNA & Fen Lume - Ringwraiths (split) - 09 Fen Lume - Untrodden Halls at the Roots of the Earth.mp3
2024-05-26 12:34:59,549, 46, INFO, testpack\Dungeontroll - A Gentle Whisper from the Evergarden\Dungeontroll - A Gentle Whisper from the Evergarden - 01 A Somber Song for the Forest.mp3
2024-05-26 12:34:59,562, 46, INFO, testpack\Dungeontroll - A Gentle Whisper from the Evergarden\Dungeontroll - A Gentle Whisper from the Evergarden - 02 In Eternal Reverence to the Wanderer.mp3
2024-05-26 12:34:59,568, 46, INFO, testpack\Dungeontroll - A Gentle Whisper from the Evergarden\Dungeontroll - A Gentle Whisper from the Evergarden - 03 The Palace of the Great Elf.mp3
2024-05-26 12:34:59,573, 46, INFO, testpack\Dungeontroll - A Gentle Whisper from the Evergarden\Dungeontroll - A Gentle Whisper from the Evergarden - 04 Remnants of Eureliiea Beneath the Crescent Moon.mp3
2024-05-26 12:34:59,578, 46, INFO, testpack\Dungeontroll - A Gentle Whisper from the Evergarden\Dungeontroll - A Gentle Whisper from the Evergarden - 05 A Shining Presence Amongst the Stars.mp3
2024-05-26 12:34:59,582, 46, INFO, testpack\RUNA & Fen Lume - Ringwraiths (split)\RUNA & Fen Lume - Ringwraiths (split) - 01 RUNA - From the Dark Abyss.mp3
2024-05-26 12:34:59,587, 46, INFO, testpack\RUNA & Fen Lume - Ringwraiths (split)\RUNA & Fen Lume - Ringwraiths (split) - 02 RUNA - Riders.mp3
2024-05-26 12:34:59,591, 46, INFO, testpack\RUNA & Fen Lume - Ringwraiths (split)\RUNA & Fen Lume - Ringwraiths (split) - 03 RUNA - Ringwraiths.mp3
2024-05-26 12:34:59,595, 46, INFO, testpack\RUNA & Fen Lume - Ringwraiths (split)\RUNA & Fen Lume - Ringwraiths (split) - 04 RUNA - Where the Shadows Lie.mp3
2024-05-26 12:34:59,598, 46, INFO, testpack\RUNA & Fen Lume - Ringwraiths (split)\RUNA & Fen Lume - Ringwraiths (split) - 05 RUNA - Into the Dark Abyss.mp3
2024-05-26 12:34:59,602, 46, INFO, testpack\RUNA & Fen Lume - Ringwraiths (split)\RUNA & Fen Lume - Ringwraiths (split) - 06 Fen Lume - the Falls of Rauros.mp3
2024-05-26 12:34:59,606, 46, INFO, testpack\RUNA & Fen Lume - Ringwraiths (split)\RUNA & Fen Lume - Ringwraiths (split) - 07 Fen Lume - Dor Daedeloth.mp3
2024-05-26 12:34:59,609, 46, INFO, testpack\RUNA & Fen Lume - Ringwraiths (split)\RUNA & Fen Lume - Ringwraiths (split) - 08 Fen Lume - Ekkaia.mp3
2024-05-26 12:34:59,612, 46, INFO, testpack\RUNA & Fen Lume - Ringwraiths (split)\RUNA & Fen Lume - Ringwraiths (split) - 09 Fen Lume - Untrodden Halls at the Roots of the Earth.mp3
