2024-05-03 00:29:18,153, 20, DEBUG, (1688, 'Wozglas', 'Hospodi', 'Batushka', 2019)
2024-05-03 00:29:18,153, 20, DEBUG, (1689, 'Diewiatyj Czas', 'Hospodi', 'Batushka', 2019)
2024-05-03 00:29:18,153, 20, DEBUG, (1690, 'Wieczernia', 'Hospodi', 'Batushka', 2019)
2024-05-03 00:29:18,153, 20, DEBUG, (1691, 'Powieczerje', 'Hospodi', 'Batushka', 2019)
2024-05-03 00:29:18,153, 20, DEBUG, (1692, 'Polunoszcznica', 'Hospodi', 'Batushka', 2019)
2024-05-03 00:29:18,153, 20, DEBUG, (1693, 'Utrenia', 'Hospodi', 'Batushka', 2019)
2024-05-03 00:29:18,153, 20, DEBUG, (1694, 'Pierwyj Czas', 'Hospodi', 'Batushka', 2019)
2024-05-03 00:29:18,153, 20, DEBUG, (1695, 'Tretij Czas', 'Hospodi', 'Batushka', 2019)
2024-05-03 00:29:18,153, 20, DEBUG, (1696, 'Szestoj Czas', 'Hospodi', 'Batushka', 2019)
2024-05-03 00:29:18,153, 20, DEBUG, (1697, 'Liturgiya', 'Hospodi', 'Batushka', 2019)
2024-05-03 00:29:18,153, 20, DEBUG, (1698, 'Yekteniya I', 'Litourgiya (0)', 'Batushka', 2015)
2024-05-03 00:29:18,153, 20, DEBUG, (1699, 'Yekteniya II', 'Litourgiya (0)', 'Batushka', 2015)
2024-05-03 00:29:18,153, 20, DEBUG, (1700, 'Yekteniya III', 'Litourgiya (0)', 'Batushka', 2015)
2024-05-03 00:29:18,153, 20, DEBUG, (1701, 'Yekteniya IV', 'Litourgiya (0)', 'Batushka', 2015)
2024-05-03 00:29:18,153, 20, DEBUG, (1702, 'Yekteniya V', 'Litourgiya (0)', 'Batushka', 2015)
2024-05-03 00:29:18,153, 20, DEBUG, (1703, 'Yekteniya VI', 'Litourgiya (0)', 'Batushka', 2015)
2024-05-03 00:29:18,153, 20, DEBUG, (1704, 'Yekteniya VII', 'Litourgiya (0)', 'Batushka', 2015)
2024-05-03 00:29:18,153, 20, DEBUG, (1705, 'Yekteniya VIII', 'Litourgiya (0)', 'Batushka', 2015)
2024-05-03 00:29:18,153, 20, DEBUG, (1706, 'Dark Ambient of 2023', 'Dark Ambient of 2023', 'Cryo Chamber', 2023)
2024-05-03 00:29:18,153, 20, DEBUG, (1707, 'Den gjemte sannhets hersker', 'For all tid', 'Dimmu Borgir', 1997)
2024-05-03 00:29:18,153, 20, DEBUG, (1708, 'Det nye riket', 'For all tid', 'Dimmu Borgir', 1997)
2024-05-03 00:29:18,153, 20, DEBUG, (1709, 'For all tid', 'For all tid', 'Dimmu Borgir', 1997)
2024-05-03 00:29:18,153, 20, DEBUG, (1710, 'Glittertind', 'For all tid', 'Dimmu Borgir', 1997)
2024-05-03 00:29:18,153, 20, DEBUG, (1711, 'Hunnerkongens sorgsvarte ferd over steppene', 'For all tid', 'Dimmu Borgir', 1997)
2024-05-03 00:29:18,153, 20, DEBUG, (1712, 'Inn i evighetens morke, pt. 1', 'For all tid', 'Dimmu Borgir', 1997)
2024-05-03 00:29:18,153, 20, DEBUG, (1713, 'Inn i evighetens morke, pt. 2', 'For all tid', 'Dimmu Borgir', 2006)
2024-05-03 00:29:18,153, 20, DEBUG, (1714, 'Over bleknede blaner til dommedag', 'For all tid', 'Dimmu Borgir', 1997)
2024-05-03 00:29:18,153, 20, DEBUG, (1715, 'Raabjorn speiler draugheimens skodde', 'For all tid', 'Dimmu Borgir', 2006)
2024-05-03 00:29:18,153, 20, DEBUG, (1716, 'Stien', 'For all tid', 'Dimmu Borgir', 1997)
2024-05-03 00:29:18,153, 20, DEBUG, (1717, 'Under korpens vinger', 'For all tid', 'Dimmu Borgir', 1997)
2024-05-03 00:29:18,153, 20, DEBUG, (1718, 'A New Dawn Begins', 'A Fortuitous Journey into the Realm of Talisa', 'Dungeontroll', 2024)
2024-05-03 00:29:18,153, 20, DEBUG, (1719, 'The Arcane Champion Raises His Blade', 'A Fortuitous Journey into the Realm of Talisa', 'Dungeontroll', 2024)
2024-05-03 00:29:18,153, 20, DEBUG, (1720, 'Glowing Souls Conjured at the Gates', 'A Fortuitous Journey into the Realm of Talisa', 'Dungeontroll', 2024)
2024-05-03 00:29:18,153, 20, DEBUG, (1721, 'Keeper of the Junpiarii Inn', 'A Fortuitous Journey into the Realm of Talisa', 'Dungeontroll', 2024)
2024-05-03 00:29:18,153, 20, DEBUG, (1722, 'A Warning from the Elder Goblin', 'A Fortuitous Journey into the Realm of Talisa', 'Dungeontroll', 2024)
2024-05-03 00:29:18,153, 20, DEBUG, (1723, 'We Gaze Upon the Warden of Souls and Ready for Battle', 'A Fortuitous Journey into the Realm of Talisa', 'Dungeontroll', 2024)
2024-05-03 00:29:18,153, 20, DEBUG, (1724, 'The Smoldering Crown of Talisa (To Reign Over the Land of the Dead)', 'A Fortuitous Journey into the Realm of Talisa', 'Dungeontroll', 2024)
2024-05-03 00:29:18,153, 20, DEBUG, (1725, 'As Another Dusk Falls', 'A Fortuitous Journey into the Realm of Talisa', 'Dungeontroll', 2024)
2024-05-03 00:29:18,153, 20, DEBUG, (1726, 'Some Days Simply Drifting', '2 Songs', 'Evergloom', 2024)
2024-05-03 00:29:18,153, 20, DEBUG, (1727, 'You Can Never Hold Back Spring', '2 Songs', 'Evergloom', 2024)
2024-05-03 00:29:18,153, 20, DEBUG, (1728, 'Wrapped In Fog I', 'Wrapped in Fog and Freezing Mist', 'Faded Cloak', 2024)
2024-05-03 00:29:18,154, 20, DEBUG, (1729, 'Wrapped In Fog II', 'Wrapped in Fog and Freezing Mist', 'Faded Cloak', 2024)
2024-05-03 00:29:18,154, 20, DEBUG, (1730, 'Wrapped In Fog III', 'Wrapped in Fog and Freezing Mist', 'Faded Cloak', 2024)
2024-05-03 00:29:18,154, 20, DEBUG, (1731, 'Freezing Mist I', 'Wrapped in Fog and Freezing Mist', 'Faded Cloak', 2024)
2024-05-03 00:29:18,154, 20, DEBUG, (1732, 'Freezing Mist II', 'Wrapped in Fog and Freezing Mist', 'Faded Cloak', 2024)
2024-05-03 00:29:18,154, 20, DEBUG, (1733, 'Swords of Rohan', 'One Ring, One Rule', 'Forgotten Sword', 2021)
2024-05-03 00:29:18,154, 20, DEBUG, (1734, 'Khazad-dûm', 'One Ring, One Rule', 'Forgotten Sword', 2021)
2024-05-03 00:29:18,154, 20, DEBUG, (1735, 'Rise,Sons of Mordor', 'One Ring, One Rule', 'Forgotten Sword', 2021)
2024-05-03 00:29:18,154, 20, DEBUG, (1736, 'Saruman of Many Colours', 'One Ring, One Rule', 'Forgotten Sword', 2021)
2024-05-03 00:29:18,154, 20, DEBUG, (1737, 'Gandalf Returns', 'One Ring, One Rule', 'Forgotten Sword', 2021)
2024-05-03 00:29:18,154, 20, DEBUG, (1738, 'Entrance to Valinor', 'One Ring, One Rule', 'Forgotten Sword', 2021)
2024-05-03 00:29:18,154, 20, DEBUG, (1739, 'Manwë, the Eye of Taniquetil', 'Valaquenta I', 'Frostgard', 2021)
2024-05-03 00:29:18,154, 20, DEBUG, (1740, 'The Starry Veil of Varda', 'Valaquenta I', 'Frostgard', 2021)
2024-05-03 00:29:18,154, 20, DEBUG, (1741, 'Aulë, Lord of Mountains and Anvils', 'Valaquenta I', 'Frostgard', 2021)
2024-05-03 00:29:18,154, 20, DEBUG, (1742, 'The Light of Yavanna', 'Valaquenta I', 'Frostgard', 2021)
2024-05-03 00:29:18,154, 20, DEBUG, (1743, 'The Lament of Nienna', 'Valaquenta I', 'Frostgard', 2021)
2024-05-03 00:29:18,154, 20, DEBUG, (1744, 'In the Solitude of the Halls of Mandos', 'Valaquenta I', 'Frostgard', 2021)
2024-05-03 00:29:18,154, 20, DEBUG, (1745, 'Vairë, the Weaver of Time', 'Valaquenta I', 'Frostgard', 2021)
2024-05-03 00:29:18,154, 20, DEBUG, (1746, 'Melkor, the Almighty Lord of Chaos', 'Valaquenta I', 'Frostgard', 2021)
2024-05-03 00:29:18,154, 20, DEBUG, (1747, 'In Eternal Sleep (Part I)', 'In Eternal Sleep', 'Ghoëst', 2024)
2024-05-03 00:29:18,154, 20, DEBUG, (1748, 'In Eternal Sleep (Part II)', 'In Eternal Sleep', 'Ghoëst', 2024)
2024-05-03 00:29:18,154, 20, DEBUG, (1749, 'A Diadem Upon Ochre Ash', 'Ghoëst & Forgotten Relic (I)', 'Forgotten Relic', 2023)
2024-05-03 00:29:18,154, 20, DEBUG, (1750, 'Requiem', 'Ghoëst & Forgotten Relic (I)', 'Ghoëst', 2023)
2024-05-03 00:29:18,154, 20, DEBUG, (1751, 'Three Urns Untouched', 'Ghoëst & Forgotten Relic (II)', 'Forgotten Relic', 2024)
2024-05-03 00:29:18,154, 20, DEBUG, (1752, 'Requiem (Part II)', 'Ghoëst & Forgotten Relic (II)', 'Ghoëst', 2024)
2024-05-03 00:29:18,154, 20, DEBUG, (1753, 'antinferno', 'antinferno', 'gnashing teeth', 2023)
2024-05-03 00:29:18,154, 20, DEBUG, (1754, 'city of dis', 'antinferno', 'gnashing teeth', 2023)
2024-05-03 00:29:18,154, 20, DEBUG, (1755, 'wrath', 'antinferno', 'gnashing teeth', 2023)
2024-05-03 00:29:18,154, 20, DEBUG, (1756, 'heresy', 'antinferno', 'gnashing teeth', 2023)
2024-05-03 00:29:18,154, 20, DEBUG, (1757, 'violence', 'antinferno', 'gnashing teeth', 2023)
2024-05-03 00:29:18,154, 20, DEBUG, (1758, 'malebolge', 'antinferno', 'gnashing teeth', 2023)
2024-05-03 00:29:18,154, 20, DEBUG, (1759, 'treachery', 'antinferno', 'gnashing teeth', 2023)
2024-05-03 00:29:18,154, 20, DEBUG, (1760, 'exile', 'antinferno', 'gnashing teeth', 2023)
2024-05-03 00:29:18,154, 20, DEBUG, (1761, 'I', '10,000 Strong (Demo)', 'Grimdor', 2023)
2024-05-03 00:29:18,154, 20, DEBUG, (1762, 'II', '10,000 Strong (Demo)', 'Grimdor', 2023)
2024-05-03 00:29:18,154, 20, DEBUG, (1763, 'III', '10,000 Strong (Demo)', 'Grimdor', 2023)
2024-05-03 00:29:18,154, 20, DEBUG, (1764, 'IV', '10,000 Strong (Demo)', 'Grimdor', 2023)
2024-05-03 00:29:18,154, 20, DEBUG, (1765, 'V', '10,000 Strong (Demo)', 'Grimdor', 2023)
2024-05-03 00:29:18,154, 20, DEBUG, (1766, '10,000 Strong (Full Rip)', '10,000 Strong (Demo)', 'Grimdor', 2023)
2024-05-03 00:29:18,154, 20, DEBUG, (1767, 'Torech Ungol', 'Army of the Dead EP', 'Grimdor', 2022)
2024-05-03 00:29:18,154, 20, DEBUG, (1768, 'Horn of Gondor (B-Side)', 'Army of the Dead EP', 'Grimdor', 2022)
2024-05-03 00:29:18,154, 20, DEBUG, (1769, 'Army of the Dead (B-side)', 'Army of the Dead EP', 'Grimdor', 2022)
2024-05-03 00:29:18,154, 20, DEBUG, (1770, 'I', 'Balrog (Demo)', 'Grimdor', 2023)
2024-05-03 00:29:18,154, 20, DEBUG, (1771, 'II', 'Balrog (Demo)', 'Grimdor', 2023)
2024-05-03 00:29:18,154, 20, DEBUG, (1772, 'III', 'Balrog (Demo)', 'Grimdor', 2023)
2024-05-03 00:29:18,154, 20, DEBUG, (1773, 'IV', 'Balrog (Demo)', 'Grimdor', 2023)
2024-05-03 00:29:18,154, 20, DEBUG, (1774, 'V', 'Balrog (Demo)', 'Grimdor', 2023)
2024-05-03 00:29:18,154, 20, DEBUG, (1775, 'VI', 'Balrog (Demo)', 'Grimdor', 2023)
2024-05-03 00:29:18,154, 20, DEBUG, (1776, 'VII', 'Balrog (Demo)', 'Grimdor', 2023)
2024-05-03 00:29:18,154, 20, DEBUG, (1777, 'I', 'Bamfurlong (Demo)', 'Grimdor', 2023)
2024-05-03 00:29:18,154, 20, DEBUG, (1778, 'II', 'Bamfurlong (Demo)', 'Grimdor', 2023)
2024-05-03 00:29:18,154, 20, DEBUG, (1779, 'III', 'Bamfurlong (Demo)', 'Grimdor', 2023)
2024-05-03 00:29:18,154, 20, DEBUG, (1780, 'IV', 'Bamfurlong (Demo)', 'Grimdor', 2023)
2024-05-03 00:29:18,154, 20, DEBUG, (1781, 'V', 'Bamfurlong (Demo)', 'Grimdor', 2023)
2024-05-03 00:29:18,154, 20, DEBUG, (1782, 'VI', 'Bamfurlong (Demo)', 'Grimdor', 2023)
2024-05-03 00:29:18,154, 20, DEBUG, (1783, 'Bamfurlong (Full Rip)', 'Bamfurlong (Demo)', 'Grimdor', 2023)
2024-05-03 00:29:18,154, 20, DEBUG, (1784, 'Battle at the Bridge of Khazad-dûm', 'Battle at the Bridge of Khazad-dûm (Single)', 'Grimdor', 2019)
2024-05-03 00:29:18,154, 20, DEBUG, (1785, 'Battle of the Pelennor Fields', 'Battle of the Pelennor Fields (Single)', 'Grimdor', 2022)
2024-05-03 00:29:18,154, 20, DEBUG, (1786, '2978 T.A.', 'Boromir EP', 'Grimdor', 2023)
2024-05-03 00:29:18,154, 20, DEBUG, (1787, 'Captain of the White Tower', 'Boromir EP', 'Grimdor', 2023)
2024-05-03 00:29:18,155, 20, DEBUG, (1788, 'The Suffering', 'Boromir EP', 'Grimdor', 2023)
2024-05-03 00:29:18,155, 20, DEBUG, (1789, 'Death of Boromir', 'Boromir EP', 'Grimdor', 2023)
2024-05-03 00:29:18,155, 20, DEBUG, (1790, 'Floating Boat', 'Boromir EP', 'Grimdor', 2023)
2024-05-03 00:29:18,155, 20, DEBUG, (1791, 'I', 'Caradhras (Demo)', 'Grimdor', 2023)
2024-05-03 00:29:18,155, 20, DEBUG, (1792, 'II', 'Caradhras (Demo)', 'Grimdor', 2023)
2024-05-03 00:29:18,155, 20, DEBUG, (1793, 'III', 'Caradhras (Demo)', 'Grimdor', 2023)
2024-05-03 00:29:18,155, 20, DEBUG, (1794, 'IV', 'Caradhras (Demo)', 'Grimdor', 2023)
2024-05-03 00:29:18,155, 20, DEBUG, (1795, 'Caradhras (Full Rip)', 'Caradhras (Demo)', 'Grimdor', 2023)
2024-05-03 00:29:18,155, 20, DEBUG, (1796, 'I', 'Evenstar (Demo)', 'Grimdor', 2022)
2024-05-03 00:29:18,155, 20, DEBUG, (1797, 'II', 'Evenstar (Demo)', 'Grimdor', 2022)
2024-05-03 00:29:18,155, 20, DEBUG, (1798, 'III', 'Evenstar (Demo)', 'Grimdor', 2022)
2024-05-03 00:29:18,155, 20, DEBUG, (1799, 'IV', 'Evenstar (Demo)', 'Grimdor', 2022)
2024-05-03 00:29:18,155, 20, DEBUG, (1800, 'V', 'Evenstar (Demo)', 'Grimdor', 2022)
2024-05-03 00:29:18,155, 20, DEBUG, (1801, 'VI', 'Evenstar (Demo)', 'Grimdor', 2022)
2024-05-03 00:29:18,155, 20, DEBUG, (1802, 'I', 'Frodo (Demo)', 'Grimdor', 2023)
2024-05-03 00:29:18,155, 20, DEBUG, (1803, 'II', 'Frodo (Demo)', 'Grimdor', 2023)
2024-05-03 00:29:18,155, 20, DEBUG, (1804, 'III', 'Frodo (Demo)', 'Grimdor', 2023)
2024-05-03 00:29:18,155, 20, DEBUG, (1805, 'IV', 'Frodo (Demo)', 'Grimdor', 2023)
2024-05-03 00:29:18,155, 20, DEBUG, (1806, 'V', 'Frodo (Demo)', 'Grimdor', 2023)
2024-05-03 00:29:18,155, 20, DEBUG, (1807, 'VI', 'Frodo (Demo)', 'Grimdor', 2023)
2024-05-03 00:29:18,155, 20, DEBUG, (1808, 'I', 'Galadriel (Demo)', 'Grimdor', 2023)
2024-05-03 00:29:18,155, 20, DEBUG, (1809, 'II', 'Galadriel (Demo)', 'Grimdor', 2023)
2024-05-03 00:29:18,155, 20, DEBUG, (1810, 'III', 'Galadriel (Demo)', 'Grimdor', 2023)
2024-05-03 00:29:18,155, 20, DEBUG, (1811, 'IV', 'Galadriel (Demo)', 'Grimdor', 2023)
2024-05-03 00:29:18,155, 20, DEBUG, (1812, 'V', 'Galadriel (Demo)', 'Grimdor', 2023)
2024-05-03 00:29:18,155, 20, DEBUG, (1813, 'I', 'Glorfindel EP', 'Grimdor', 2024)
2024-05-03 00:29:18,155, 20, DEBUG, (1814, 'II', 'Glorfindel EP', 'Grimdor', 2024)
2024-05-03 00:29:18,155, 20, DEBUG, (1815, 'III', 'Glorfindel EP', 'Grimdor', 2024)
2024-05-03 00:29:18,155, 20, DEBUG, (1816, 'IV', 'Glorfindel EP', 'Grimdor', 2024)
2024-05-03 00:29:18,155, 20, DEBUG, (1817, 'V', 'Glorfindel EP', 'Grimdor', 2024)
2024-05-03 00:29:18,155, 20, DEBUG, (1818, 'VI', 'Glorfindel EP', 'Grimdor', 2024)
2024-05-03 00:29:18,155, 20, DEBUG, (1819, 'VIII', 'Glorfindel EP', 'Grimdor', 2024)
2024-05-03 00:29:18,155, 20, DEBUG, (1820, 'Gollum', 'Gollum (Demo)', 'Grimdor', 2021)
2024-05-03 00:29:18,155, 20, DEBUG, (1821, 'Leaving the Shire', 'Leaving the Shire (Single)', 'Grimdor', 2022)
2024-05-03 00:29:18,155, 20, DEBUG, (1822, 'Old Toby', 'Longbottom & Frodo', 'Grimdor', 2024)
2024-05-03 00:29:18,155, 20, DEBUG, (1823, 'Longbottom Leaf', 'Longbottom & Frodo', 'Grimdor', 2024)
2024-05-03 00:29:18,155, 20, DEBUG, (1824, 'Southern Star', 'Longbottom & Frodo', 'Grimdor', 2024)
2024-05-03 00:29:18,155, 20, DEBUG, (1825, '001', 'Longbottom & Frodo', 'Grimdor', 2024)
2024-05-03 00:29:18,155, 20, DEBUG, (1826, '002', 'Longbottom & Frodo', 'Grimdor', 2024)
2024-05-03 00:29:18,155, 20, DEBUG, (1827, '003', 'Longbottom & Frodo', 'Grimdor', 2024)
2024-05-03 00:29:18,155, 20, DEBUG, (1828, '004', 'Longbottom & Frodo', 'Grimdor', 2024)
2024-05-03 00:29:18,155, 20, DEBUG, (1829, '005', 'Longbottom & Frodo', 'Grimdor', 2024)
2024-05-03 00:29:18,155, 20, DEBUG, (1830, '006', 'Longbottom & Frodo', 'Grimdor', 2024)
2024-05-03 00:29:18,155, 20, DEBUG, (1831, 'Old Toby', 'Longbottom (Demo)', 'Grimdor', 2023)
2024-05-03 00:29:18,155, 20, DEBUG, (1832, 'Longbottom Leaf', 'Longbottom (Demo)', 'Grimdor', 2023)
2024-05-03 00:29:18,155, 20, DEBUG, (1833, 'Southern Star', 'Longbottom (Demo)', 'Grimdor', 2023)
2024-05-03 00:29:18,155, 20, DEBUG, (1834, 'Minas Tirith', 'Minas Tirith (Demo)', 'Grimdor', 2022)
2024-05-03 00:29:18,155, 20, DEBUG, (1835, 'I', 'Misty Mountains Cold (Demo)', 'Grimdor', 2021)
2024-05-03 00:29:18,155, 20, DEBUG, (1836, 'II', 'Misty Mountains Cold (Demo)', 'Grimdor', 2021)
2024-05-03 00:29:18,155, 20, DEBUG, (1837, 'III', 'Misty Mountains Cold (Demo)', 'Grimdor', 2021)
2024-05-03 00:29:18,155, 20, DEBUG, (1838, 'IV', 'Misty Mountains Cold (Demo)', 'Grimdor', 2021)
2024-05-03 00:29:18,155, 20, DEBUG, (1839, 'V', 'Misty Mountains Cold (Demo)', 'Grimdor', 2021)
2024-05-03 00:29:18,155, 20, DEBUG, (1840, 'VI', 'Misty Mountains Cold (Demo)', 'Grimdor', 2021)
2024-05-03 00:29:18,155, 20, DEBUG, (1841, 'VII', 'Misty Mountains Cold (Demo)', 'Grimdor', 2021)
2024-05-03 00:29:18,155, 20, DEBUG, (1842, 'I', 'Nargothrond (Demo)', 'Grimdor', 2022)
2024-05-03 00:29:18,155, 20, DEBUG, (1843, 'II', 'Nargothrond (Demo)', 'Grimdor', 2022)
2024-05-03 00:29:18,155, 20, DEBUG, (1844, 'III', 'Nargothrond (Demo)', 'Grimdor', 2022)
2024-05-03 00:29:18,155, 20, DEBUG, (1845, 'IV', 'Nargothrond (Demo)', 'Grimdor', 2022)
2024-05-03 00:29:18,155, 20, DEBUG, (1846, 'V', 'Nargothrond (Demo)', 'Grimdor', 2022)
2024-05-03 00:29:18,155, 20, DEBUG, (1847, 'VI', 'Nargothrond (Demo)', 'Grimdor', 2022)
2024-05-03 00:29:18,155, 20, DEBUG, (1848, 'Part I', 'Narsil (Demo)', 'Grimdor', 2021)
2024-05-03 00:29:18,155, 20, DEBUG, (1849, 'Part II', 'Narsil (Demo)', 'Grimdor', 2021)
2024-05-03 00:29:18,155, 20, DEBUG, (1850, 'Part III', 'Narsil (Demo)', 'Grimdor', 2021)
2024-05-03 00:29:18,155, 20, DEBUG, (1851, 'Part IV', 'Narsil (Demo)', 'Grimdor', 2021)
2024-05-03 00:29:18,155, 20, DEBUG, (1852, 'Part V', 'Narsil (Demo)', 'Grimdor', 2021)
2024-05-03 00:29:18,155, 20, DEBUG, (1853, 'Narsil (Full Uncut Version)', 'Narsil (Demo)', 'Grimdor', 2021)
2024-05-03 00:29:18,155, 20, DEBUG, (1854, 'I', 'Níniel (Demo)', 'Grimdor', 2023)
2024-05-03 00:29:18,155, 20, DEBUG, (1855, 'II', 'Níniel (Demo)', 'Grimdor', 2023)
2024-05-03 00:29:18,155, 20, DEBUG, (1856, 'III', 'Níniel (Demo)', 'Grimdor', 2023)
2024-05-03 00:29:18,156, 20, DEBUG, (1857, 'IV', 'Níniel (Demo)', 'Grimdor', 2023)
2024-05-03 00:29:18,156, 20, DEBUG, (1858, 'V', 'Níniel (Demo)', 'Grimdor', 2023)
2024-05-03 00:29:18,156, 20, DEBUG, (1859, 'VI', 'Níniel (Demo)', 'Grimdor', 2023)
2024-05-03 00:29:18,156, 20, DEBUG, (1860, 'I', 'Oakenshield (Demo)', 'Grimdor', 2023)
2024-05-03 00:29:18,156, 20, DEBUG, (1861, 'II', 'Oakenshield (Demo)', 'Grimdor', 2023)
2024-05-03 00:29:18,156, 20, DEBUG, (1862, 'III', 'Oakenshield (Demo)', 'Grimdor', 2023)
2024-05-03 00:29:18,156, 20, DEBUG, (1863, 'IV', 'Oakenshield (Demo)', 'Grimdor', 2023)
2024-05-03 00:29:18,156, 20, DEBUG, (1864, 'V', 'Oakenshield (Demo)', 'Grimdor', 2023)
2024-05-03 00:29:18,156, 20, DEBUG, (1865, 'VI', 'Oakenshield (Demo)', 'Grimdor', 2023)
2024-05-03 00:29:18,156, 20, DEBUG, (1866, 'Oakenshield (Full Demo)', 'Oakenshield (Demo)', 'Grimdor', 2023)
2024-05-03 00:29:18,156, 20, DEBUG, (1867, 'Oliphaunts', 'Oliphaunts (Single)', 'Grimdor', 2023)
2024-05-03 00:29:18,156, 20, DEBUG, (1868, 'Radagast', 'Radagast (Demo)', 'Grimdor', 2022)
2024-05-03 00:29:18,156, 20, DEBUG, (1869, 'I', 'Rivendell (Demo)', 'Grimdor', 2021)
2024-05-03 00:29:18,156, 20, DEBUG, (1870, 'II', 'Rivendell (Demo)', 'Grimdor', 2021)
2024-05-03 00:29:18,156, 20, DEBUG, (1871, 'III', 'Rivendell (Demo)', 'Grimdor', 2021)
2024-05-03 00:29:18,156, 20, DEBUG, (1872, 'IV', 'Rivendell (Demo)', 'Grimdor', 2021)
2024-05-03 00:29:18,156, 20, DEBUG, (1873, 'V', 'Rivendell (Demo)', 'Grimdor', 2021)
2024-05-03 00:29:18,156, 20, DEBUG, (1874, "Shelob's Lair", "Shelob's Lair (2021)", 'Grimdor', 2021)
2024-05-03 00:29:18,156, 20, DEBUG, (1875, 'Untitled #2 (Instrumental)', "Shelob's Lair (2021)", 'Grimdor', 2021)
2024-05-03 00:29:18,156, 20, DEBUG, (1876, 'Black Storm', 'Stone of the Hapless [EP]', 'Grimdor', 2019)
2024-05-03 00:29:18,156, 20, DEBUG, (1877, 'Repulse the Orcs', 'Stone of the Hapless [EP]', 'Grimdor', 2019)
2024-05-03 00:29:18,156, 20, DEBUG, (1878, 'Death of Glaurung', 'Stone of the Hapless [EP]', 'Grimdor', 2019)
2024-05-03 00:29:18,156, 20, DEBUG, (1879, 'The Black Thorn of Brethil!', 'Stone of the Hapless [EP]', 'Grimdor', 2019)
2024-05-03 00:29:18,156, 20, DEBUG, (1880, "Deer's Leap", 'Stone of the Hapless [EP]', 'Grimdor', 2019)
2024-05-03 00:29:18,156, 20, DEBUG, (1881, 'Stone of the Hapless', 'Stone of the Hapless [EP]', 'Grimdor', 2019)
2024-05-03 00:29:18,156, 20, DEBUG, (1882, 'I', 'Tharkûn (Demo)', 'Grimdor', 2021)
2024-05-03 00:29:18,156, 20, DEBUG, (1883, 'II', 'Tharkûn (Demo)', 'Grimdor', 2021)
2024-05-03 00:29:18,156, 20, DEBUG, (1884, 'III', 'Tharkûn (Demo)', 'Grimdor', 2021)
2024-05-03 00:29:18,156, 20, DEBUG, (1885, 'IV', 'Tharkûn (Demo)', 'Grimdor', 2021)
2024-05-03 00:29:18,156, 20, DEBUG, (1886, 'V', 'Tharkûn (Demo)', 'Grimdor', 2021)
2024-05-03 00:29:18,156, 20, DEBUG, (1887, 'The Arkenstone', 'The Arkenstone (Demo)', 'Grimdor', 2023)
2024-05-03 00:29:18,156, 20, DEBUG, (1888, 'The Chamber of Mazarbul', 'The Chamber of Mazarbul [EP]', 'Grimdor', 2019)
2024-05-03 00:29:18,156, 20, DEBUG, (1889, 'Battle at Cirith Ungol', 'The Chamber of Mazarbul [EP]', 'Grimdor', 2019)
2024-05-03 00:29:18,156, 20, DEBUG, (1890, 'Scimitar', 'The Chamber of Mazarbul [EP]', 'Grimdor', 2019)
2024-05-03 00:29:18,156, 20, DEBUG, (1891, 'Mount Gundabad', 'The Chamber of Mazarbul [EP]', 'Grimdor', 2019)
2024-05-03 00:29:18,156, 20, DEBUG, (1892, 'The Breaking of the Fellowship', 'The Dead Marshes EP', 'Grimdor', 2023)
2024-05-03 00:29:18,156, 20, DEBUG, (1893, 'Night Travel', 'The Dead Marshes EP', 'Grimdor', 2023)
2024-05-03 00:29:18,156, 20, DEBUG, (1894, 'Dead Marshes', 'The Dead Marshes EP', 'Grimdor', 2023)
2024-05-03 00:29:18,156, 20, DEBUG, (1895, 'The Fire of Udûn', 'The Land of Shadow', 'Grimdor', 2022)
2024-05-03 00:29:18,156, 20, DEBUG, (1896, 'Beyond the Shadow of Gorgoroth', 'The Land of Shadow', 'Grimdor', 2022)
2024-05-03 00:29:18,156, 20, DEBUG, (1897, 'Minas Morgul', 'The Land of Shadow', 'Grimdor', 2022)
2024-05-03 00:29:18,156, 20, DEBUG, (1898, 'Torech Ungol', 'The Land of Shadow', 'Grimdor', 2022)
2024-05-03 00:29:18,156, 20, DEBUG, (1899, 'Barad-dûr', 'The Land of Shadow', 'Grimdor', 2022)
2024-05-03 00:29:18,156, 20, DEBUG, (1900, 'Mount Doom', 'The Land of Shadow', 'Grimdor', 2022)
2024-05-03 00:29:18,156, 20, DEBUG, (1901, 'The Desolation of Lithlad', 'The Land of Shadow', 'Grimdor', 2022)
2024-05-03 00:29:18,156, 20, DEBUG, (1902, 'Mirkwood Forest (Intro)', 'The Lonely Mountain [EP]', 'Grimdor', 2017)
2024-05-03 00:29:18,156, 20, DEBUG, (1903, 'Morgul Blades', 'The Lonely Mountain [EP]', 'Grimdor', 2017)
2024-05-03 00:29:18,156, 20, DEBUG, (1904, 'The Lonely Mountain', 'The Lonely Mountain [EP]', 'Grimdor', 2017)
2024-05-03 00:29:18,156, 20, DEBUG, (1905, 'The Crying Orc (Burzum Cover)', 'The Lonely Mountain [EP]', 'Grimdor', 2017)
2024-05-03 00:29:18,156, 20, DEBUG, (1906, 'Road to Isengard (Bonus)', 'The Lonely Mountain [EP]', 'Grimdor', 2017)
2024-05-03 00:29:18,156, 20, DEBUG, (1907, 'Bombadil (Bonus)', 'The Lonely Mountain [EP]', 'Grimdor', 2017)
2024-05-03 00:29:18,156, 20, DEBUG, (1908, 'I', 'The Mountain Path (Demo)', 'Grimdor', 2021)
2024-05-03 00:29:18,156, 20, DEBUG, (1909, 'II', 'The Mountain Path (Demo)', 'Grimdor', 2021)
2024-05-03 00:29:18,156, 20, DEBUG, (1910, 'The Red Eye of Sauron', 'The Red Eye of Sauron (Single)', 'Grimdor', 2020)
2024-05-03 00:29:18,156, 20, DEBUG, (1911, 'The Silmarils', 'The Silmarils (Demo)', 'Grimdor', 2021)
2024-05-03 00:29:18,156, 20, DEBUG, (1912, 'The Hill', 'There and Back Again', 'Grimdor', 2022)
2024-05-03 00:29:18,156, 20, DEBUG, (1913, 'Thorin & Co.', 'There and Back Again', 'Grimdor', 2022)
2024-05-03 00:29:18,156, 20, DEBUG, (1914, 'The Great Goblin', 'There and Back Again', 'Grimdor', 2022)
2024-05-03 00:29:18,156, 20, DEBUG, (1915, 'The One Ring', 'There and Back Again', 'Grimdor', 2022)
2024-05-03 00:29:18,156, 20, DEBUG, (1916, 'Riddles in the Dark', 'There and Back Again', 'Grimdor', 2022)
2024-05-03 00:29:18,156, 20, DEBUG, (1917, 'Wargs', 'There and Back Again', 'Grimdor', 2022)
2024-05-03 00:29:18,156, 20, DEBUG, (1918, 'Lord of the Eagles', 'There and Back Again', 'Grimdor', 2022)
2024-05-03 00:29:18,156, 20, DEBUG, (1919, 'The Carrack', 'There and Back Again', 'Grimdor', 2022)
2024-05-03 00:29:18,156, 20, DEBUG, (1920, 'Flies and Spiders', 'There and Back Again', 'Grimdor', 2022)
2024-05-03 00:29:18,156, 20, DEBUG, (1921, 'A Warm Welcome', 'There and Back Again', 'Grimdor', 2022)
2024-05-03 00:29:18,156, 20, DEBUG, (1922, 'Smaug', 'There and Back Again', 'Grimdor', 2022)
2024-05-03 00:29:18,156, 20, DEBUG, (1923, 'Fire and Water', 'There and Back Again', 'Grimdor', 2022)
2024-05-03 00:29:18,156, 20, DEBUG, (1924, 'The Return Journey', 'There and Back Again', 'Grimdor', 2022)
2024-05-03 00:29:18,156, 20, DEBUG, (1925, 'The Road Goes Ever On', 'There and Back Again', 'Grimdor', 2022)
2024-05-03 00:29:18,156, 20, DEBUG, (1926, 'I', 'Treebeard (Demo)', 'Grimdor', 2021)
2024-05-03 00:29:18,156, 20, DEBUG, (1927, 'II', 'Treebeard (Demo)', 'Grimdor', 2021)
2024-05-03 00:29:18,156, 20, DEBUG, (1928, 'III', 'Treebeard (Demo)', 'Grimdor', 2021)
2024-05-03 00:29:18,156, 20, DEBUG, (1929, 'IV', 'Treebeard (Demo)', 'Grimdor', 2021)
2024-05-03 00:29:18,156, 20, DEBUG, (1930, 'V', 'Treebeard (Demo)', 'Grimdor', 2021)
2024-05-03 00:29:18,156, 20, DEBUG, (1931, 'I', 'Underhill (Demo)', 'Grimdor', 2021)
2024-05-03 00:29:18,157, 20, DEBUG, (1932, 'II', 'Underhill (Demo)', 'Grimdor', 2021)
2024-05-03 00:29:18,157, 20, DEBUG, (1933, 'III', 'Underhill (Demo)', 'Grimdor', 2021)
2024-05-03 00:29:18,157, 20, DEBUG, (1934, 'IV', 'Underhill (Demo)', 'Grimdor', 2021)
2024-05-03 00:29:18,157, 20, DEBUG, (1935, 'V', 'Underhill (Demo)', 'Grimdor', 2021)
2024-05-03 00:29:18,157, 20, DEBUG, (1936, 'March Into Victory (Lord Einsamkeit Cover)', 'Underhill (Demo)', 'Grimdor', 2021)
2024-05-03 00:29:18,157, 20, DEBUG, (1937, 'I', 'Walls of Night (Demo)', 'Grimdor', 2021)
2024-05-03 00:29:18,157, 20, DEBUG, (1938, 'II', 'Walls of Night (Demo)', 'Grimdor', 2021)
2024-05-03 00:29:18,157, 20, DEBUG, (1939, 'III', 'Walls of Night (Demo)', 'Grimdor', 2021)
2024-05-03 00:29:18,157, 20, DEBUG, (1940, 'IV', 'Walls of Night (Demo)', 'Grimdor', 2021)
2024-05-03 00:29:18,157, 20, DEBUG, (1941, 'V', 'Walls of Night (Demo)', 'Grimdor', 2021)
2024-05-03 00:29:18,157, 20, DEBUG, (1942, 'VI', 'Walls of Night (Demo)', 'Grimdor', 2021)
2024-05-03 00:29:18,157, 20, DEBUG, (1943, 'Forgotten Ritual', 'Starving the Allotment', 'Grimhold', 2024)
2024-05-03 00:29:18,157, 20, DEBUG, (1944, 'Mystic Judgement', 'Starving the Allotment', 'Grimhold', 2024)
2024-05-03 00:29:18,157, 20, DEBUG, (1945, 'Parading the Woeful', 'Starving the Allotment', 'Grimhold', 2024)
2024-05-03 00:29:18,157, 20, DEBUG, (1946, 'Return to Ancestral Hall', 'Starving the Allotment', 'Grimhold', 2024)
2024-05-03 00:29:18,157, 20, DEBUG, (1947, 'Chains of Ice', 'Starving the Allotment', 'Grimhold', 2024)
2024-05-03 00:29:18,157, 20, DEBUG, (1948, 'Cave of Longing', 'Starving the Allotment', 'Grimhold', 2024)
2024-05-03 00:29:18,157, 20, DEBUG, (1949, 'Skin of Porous Stone', 'Skin of Porous Stone', 'High Mage', 2024)
2024-05-03 00:29:18,157, 20, DEBUG, (1950, "He's just made of clay", 'Golem Dreams', 'Hjartans', 2023)
2024-05-03 00:29:18,157, 20, DEBUG, (1951, "Aren't we all", 'Golem Dreams', 'Hjartans', 2023)
2024-05-03 00:29:18,157, 20, DEBUG, (1952, 'I have to choose: the death of my body or the death of my aspirations', 'Golem Dreams', 'Hjartans', 2023)
2024-05-03 00:29:18,157, 20, DEBUG, (1953, 'Words in the heart', 'Golem Dreams', 'Hjartans', 2023)
2024-05-03 00:29:18,157, 20, DEBUG, (1954, 'I would rather die as a man', 'Golem Dreams', 'Hjartans', 2023)
2024-05-03 00:29:18,157, 20, DEBUG, (1955, "I feel a responsibility to help you become whatever you're able to be", 'Golem Dreams', 'Hjartans', 2023)
2024-05-03 00:29:18,157, 20, DEBUG, (1956, 'Golem dreams', 'Golem Dreams', 'Hjartans', 2023)
2024-05-03 00:29:18,157, 20, DEBUG, (1957, 'Sitting In A Dream - Erang', 'Golem Dreams', 'Hjartans', 2023)
2024-05-03 00:29:18,157, 20, DEBUG, (1958, 'Golem dreams - piano version', 'Golem Dreams', 'Hjartans', 2023)
2024-05-03 00:29:18,157, 20, DEBUG, (1959, 'In Dreamland', 'Oneiric Quest', 'Hjartans', 2024)
2024-05-03 00:29:18,157, 20, DEBUG, (1960, 'Cloaked in mist and shadows', 'Oneiric Quest', 'Hjartans', 2024)
2024-05-03 00:29:18,157, 20, DEBUG, (1961, 'Under strange skies', 'Oneiric Quest', 'Hjartans', 2024)
2024-05-03 00:29:18,157, 20, DEBUG, (1962, 'Cold stars are watching', 'Oneiric Quest', 'Hjartans', 2024)
2024-05-03 00:29:18,157, 20, DEBUG, (1963, 'We stare back in defiance', 'Oneiric Quest', 'Hjartans', 2024)
2024-05-03 00:29:18,157, 20, DEBUG, (1964, 'With the magic of younger aeons', 'Oneiric Quest', 'Hjartans', 2024)
2024-05-03 00:29:18,157, 20, DEBUG, (1965, 'Spread our wings', 'Oneiric Quest', 'Hjartans', 2024)
2024-05-03 00:29:18,157, 20, DEBUG, (1966, 'To meet our destiny', 'Oneiric Quest', 'Hjartans', 2024)
2024-05-03 00:29:18,157, 20, DEBUG, (1967, 'After the quest has ended, will there be a place for us?', 'Oneiric Quest', 'Hjartans', 2024)
2024-05-03 00:29:18,157, 20, DEBUG, (1968, 'Haunting taala', 'Oneiric Quest', 'Hjartans', 2024)
2024-05-03 00:29:18,157, 20, DEBUG, (1969, 'Dreamland lullaby', 'Oneiric Quest', 'Hjartans', 2024)
2024-05-03 00:29:18,157, 20, DEBUG, (1970, 'Spread our wings (summer version)', 'Oneiric Quest', 'Hjartans', 2024)
2024-05-03 00:29:18,157, 20, DEBUG, (1971, 'Welcome Nyx brings on the star-heralding shadows', 'Open your heart to the Night', 'Hjartans', 2024)
2024-05-03 00:29:18,157, 20, DEBUG, (1972, 'Black-winged', 'Open your heart to the Night', 'Hjartans', 2024)
2024-05-03 00:29:18,157, 20, DEBUG, (1973, 'Sable-vestured', 'Open your heart to the Night', 'Hjartans', 2024)
2024-05-03 00:29:18,157, 20, DEBUG, (1974, 'The darker the night, the brighter the stars', 'Open your heart to the Night', 'Hjartans', 2024)
2024-05-03 00:29:18,157, 20, DEBUG, (1975, 'Treasures of Tartarus', 'Open your heart to the Night', 'Hjartans', 2024)
2024-05-03 00:29:18,157, 20, DEBUG, (1976, 'A Silvery Moon Lights the Way - Hidden Passage', 'Open your heart to the Night', 'Hjartans', 2024)
2024-05-03 00:29:18,157, 20, DEBUG, (1977, 'Nyx opens the gates of Dreams', 'Open your heart to the Night', 'Hjartans', 2024)
2024-05-03 00:29:18,157, 20, DEBUG, (1978, 'Mother of darkness, mother of light', 'Open your heart to the Night', 'Hjartans', 2024)
2024-05-03 00:29:18,157, 20, DEBUG, (1979, 'Hemera disperses the night mists and bathes the world in a heavenly light', 'Open your heart to the Night', 'Hjartans', 2024)
2024-05-03 00:29:18,157, 20, DEBUG, (1980, 'Hugga sjúkt hjarta', 'Sumarið Þegar Hjartað Söng', 'Hjartans', 2023)
2024-05-03 00:29:18,157, 20, DEBUG, (1981, 'Deyjandi hjarta', 'Sumarið Þegar Hjartað Söng', 'Hjartans', 2023)
2024-05-03 00:29:18,157, 20, DEBUG, (1982, 'Tvíhjartað', 'Sumarið Þegar Hjartað Söng', 'Hjartans', 2023)
2024-05-03 00:29:18,157, 20, DEBUG, (1983, 'Eldhjartað', 'Sumarið Þegar Hjartað Söng', 'Hjartans', 2023)
2024-05-03 00:29:18,157, 20, DEBUG, (1984, 'Bitursæta gjöf hjartans', 'Sumarið Þegar Hjartað Söng', 'Hjartans', 2023)
2024-05-03 00:29:18,157, 20, DEBUG, (1985, 'Sumarið þegar hjartað söng', 'Sumarið Þegar Hjartað Söng', 'Hjartans', 2023)
2024-05-03 00:29:18,157, 20, DEBUG, (1986, "When I'm lost", 'The Last Embers of the Fire', 'Hjartans', 2023)
2024-05-03 00:29:18,157, 20, DEBUG, (1987, 'The last embers of the fire - I', 'The Last Embers of the Fire', 'Hjartans', 2023)
2024-05-03 00:29:18,157, 20, DEBUG, (1988, 'Pilgrim (winter version)', 'The Last Embers of the Fire', 'Hjartans', 2023)
2024-05-03 00:29:18,157, 20, DEBUG, (1989, 'The last embers of the fire - II', 'The Last Embers of the Fire', 'Hjartans', 2023)
2024-05-03 00:29:18,157, 20, DEBUG, (1990, 'She knitted at the window while it snowed', 'The Last Embers of the Fire', 'Hjartans', 2023)
2024-05-03 00:29:18,157, 20, DEBUG, (1991, 'The last embers of the fire - III', 'The Last Embers of the Fire', 'Hjartans', 2023)
2024-05-03 00:29:18,157, 20, DEBUG, (1992, "Love me 'til my life is done", 'The Last Embers of the Fire', 'Hjartans', 2023)
2024-05-03 00:29:18,157, 20, DEBUG, (1993, 'The last embers of the fire - IV', 'The Last Embers of the Fire', 'Hjartans', 2023)
2024-05-03 00:29:18,157, 20, DEBUG, (1994, "When I'm lost - instrumental", 'The Last Embers of the Fire', 'Hjartans', 2023)
2024-05-03 00:29:18,157, 20, DEBUG, (1995, 'Pilgrim (winter version) - instrumental', 'The Last Embers of the Fire', 'Hjartans', 2023)
2024-05-03 00:29:18,157, 20, DEBUG, (1996, "Love me 'til my life is done - instrumental", 'The Last Embers of the Fire', 'Hjartans', 2023)
2024-05-03 00:29:18,157, 20, DEBUG, (1997, 'For you I will cross the empire', 'The roads of the Old Empire', 'Hjartans', 2023)
2024-05-03 00:29:18,157, 20, DEBUG, (1998, 'We leave at the break of dawn', 'The roads of the Old Empire', 'Hjartans', 2023)
2024-05-03 00:29:18,157, 20, DEBUG, (1999, 'The eastern garrison is still in ruins', 'The roads of the Old Empire', 'Hjartans', 2023)
2024-05-03 00:29:18,157, 20, DEBUG, (2000, "Itege's oasis", 'The roads of the Old Empire', 'Hjartans', 2023)
2024-05-03 00:29:18,157, 20, DEBUG, (2001, 'Jugglers join the caravan', 'The roads of the Old Empire', 'Hjartans', 2023)
2024-05-03 00:29:18,158, 20, DEBUG, (2002, 'Warded by faeries', 'The roads of the Old Empire', 'Hjartans', 2023)
2024-05-03 00:29:18,158, 20, DEBUG, (2003, 'In the shadow of Kharaal Tower - extended version', 'The roads of the Old Empire', 'Hjartans', 2023)
2024-05-03 00:29:18,158, 20, DEBUG, (2004, 'The hidden archive of the Last Empress', 'The roads of the Old Empire', 'Hjartans', 2023)
2024-05-03 00:29:18,158, 20, DEBUG, (2005, 'Finally we reach sanctuary', 'The roads of the Old Empire', 'Hjartans', 2023)
2024-05-03 00:29:18,158, 20, DEBUG, (2006, "'til our paths cross again", 'The roads of the Old Empire', 'Hjartans', 2023)
2024-05-03 00:29:18,158, 20, DEBUG, (2007, 'In the shadow of Kharaal Tower - orchestral extended version', 'The roads of the Old Empire', 'Hjartans', 2023)
2024-05-03 00:29:18,158, 20, DEBUG, (2008, 'We press on despite the black wind blowing', 'Wanderings and vistas', 'Hjartans', 2022)
2024-05-03 00:29:18,158, 20, DEBUG, (2009, 'The canyons of Taar Ogdal', 'Wanderings and vistas', 'Hjartans', 2022)
2024-05-03 00:29:18,158, 20, DEBUG, (2010, 'The western garrison is restored', 'Wanderings and vistas', 'Hjartans', 2022)
2024-05-03 00:29:18,158, 20, DEBUG, (2011, 'After the festival', 'Wanderings and vistas', 'Hjartans', 2022)
2024-05-03 00:29:18,158, 20, DEBUG, (2012, 'A walk through the Ilbedsen forest', 'Wanderings and vistas', 'Hjartans', 2022)
2024-05-03 00:29:18,158, 20, DEBUG, (2013, 'Relics', 'Wanderings and vistas', 'Hjartans', 2022)
2024-05-03 00:29:18,158, 20, DEBUG, (2014, 'Explorers of the Old Empire', 'Wanderings and vistas', 'Hjartans', 2022)
2024-05-03 00:29:18,158, 20, DEBUG, (2015, 'Intro - La Notte dei Diavoli', 'The Haunting Shadows of Borgo Pass', 'Hordes of Wurdalak', 2023)
2024-05-03 00:29:18,158, 20, DEBUG, (2016, 'Night of the Wurdalaks', 'The Haunting Shadows of Borgo Pass', 'Hordes of Wurdalak', 2023)
2024-05-03 00:29:18,158, 20, DEBUG, (2017, '1346: Pest in Europe', 'The Haunting Shadows of Borgo Pass', 'Hordes of Wurdalak', 2023)
2024-05-03 00:29:18,158, 20, DEBUG, (2018, 'A Grave Covered by Bats', 'The Haunting Shadows of Borgo Pass', 'Hordes of Wurdalak', 2023)
2024-05-03 00:29:18,158, 20, DEBUG, (2019, 'Dark Dungeons of Loneliness', 'The Haunting Shadows of Borgo Pass', 'Hordes of Wurdalak', 2023)
2024-05-03 00:29:18,158, 20, DEBUG, (2020, 'Buried Undead', 'The Haunting Shadows of Borgo Pass', 'Hordes of Wurdalak', 2023)
2024-05-03 00:29:18,158, 20, DEBUG, (2021, 'The Haunting Shadows of Borgo Pass', 'The Haunting Shadows of Borgo Pass', 'Hordes of Wurdalak', 2023)
2024-05-03 00:29:18,158, 20, DEBUG, (2022, 'Outro - Dusty Flowers on my Grave (continues)', 'The Haunting Shadows of Borgo Pass', 'Hordes of Wurdalak', 2023)
2024-05-03 00:29:18,158, 20, DEBUG, (2023, 'When The Rain Cleanse Everything', 'The Echoing Sorrow', 'Gormoth', 2024)
2024-05-03 00:29:18,158, 20, DEBUG, (2024, 'The River of Tears', 'The Echoing Sorrow', 'Gormoth', 2024)
2024-05-03 00:29:18,158, 20, DEBUG, (2025, 'while you drift away', 'The Echoing Sorrow', 'I See Satan Fall Like Lightning', 2024)
2024-05-03 00:29:18,158, 20, DEBUG, (2026, 'the glass box', 'The Echoing Sorrow', 'I See Satan Fall Like Lightning', 2024)
2024-05-03 00:29:18,158, 20, DEBUG, (2027, 'In the Land of the Mystics', 'In the Land of the Mystics', 'Imherot', 2024)
2024-05-03 00:29:18,158, 20, DEBUG, (2028, 'The Impregnable Fortress of Pegor', 'The Impregnable Fortress of Pegor', 'Imherot', 2023)
2024-05-03 00:29:18,158, 20, DEBUG, (2029, 'Galathilion (feat. Frostgard)', "Arda's Herbarium: A Musical Guide to the Mystical Garden of Middle\u200b\u200b\u200b\u200b\u200b\u200b\u200b\u200b\u200b\u200b\u200b-\u200b\u200b\u200b\u200b\u200b\u200b\u200b\u200b\u200b\u200b\u200bEarth and Stranger Places - Vol. V", 'Ithildin', 2023)
2024-05-03 00:29:18,158, 20, DEBUG, (2030, 'Gillyflower', "Arda's Herbarium: A Musical Guide to the Mystical Garden of Middle\u200b\u200b\u200b\u200b\u200b\u200b\u200b\u200b\u200b\u200b\u200b-\u200b\u200b\u200b\u200b\u200b\u200b\u200b\u200b\u200b\u200b\u200bEarth and Stranger Places - Vol. V", 'Ithildin', 2023)
2024-05-03 00:29:18,158, 20, DEBUG, (2031, 'Goatleaf', "Arda's Herbarium: A Musical Guide to the Mystical Garden of Middle\u200b\u200b\u200b\u200b\u200b\u200b\u200b\u200b\u200b\u200b\u200b-\u200b\u200b\u200b\u200b\u200b\u200b\u200b\u200b\u200b\u200b\u200bEarth and Stranger Places - Vol. V", 'Ithildin', 2023)
2024-05-03 00:29:18,158, 20, DEBUG, (2032, 'Gorse', "Arda's Herbarium: A Musical Guide to the Mystical Garden of Middle\u200b\u200b\u200b\u200b\u200b\u200b\u200b\u200b\u200b\u200b\u200b-\u200b\u200b\u200b\u200b\u200b\u200b\u200b\u200b\u200b\u200b\u200bEarth and Stranger Places - Vol. V", 'Ithildin', 2023)
2024-05-03 00:29:18,158, 20, DEBUG, (2033, 'Grape Vine', "Arda's Herbarium: A Musical Guide to the Mystical Garden of Middle\u200b\u200b\u200b\u200b\u200b\u200b\u200b\u200b\u200b\u200b\u200b-\u200b\u200b\u200b\u200b\u200b\u200b\u200b\u200b\u200b\u200b\u200bEarth and Stranger Places - Vol. V", 'Ithildin', 2023)
2024-05-03 00:29:18,158, 20, DEBUG, (2034, 'Grass', "Arda's Herbarium: A Musical Guide to the Mystical Garden of Middle\u200b\u200b\u200b\u200b\u200b\u200b\u200b\u200b\u200b\u200b\u200b-\u200b\u200b\u200b\u200b\u200b\u200b\u200b\u200b\u200b\u200b\u200bEarth and Stranger Places - Vol. V", 'Ithildin', 2023)
2024-05-03 00:29:18,158, 20, DEBUG, (2035, 'Harts-Tongue', "Arda's Herbarium: A Musical Guide to the Mystical Garden of Middle\u200b\u200b\u200b\u200b\u200b\u200b\u200b\u200b\u200b\u200b\u200b-\u200b\u200b\u200b\u200b\u200b\u200b\u200b\u200b\u200b\u200b\u200bEarth and Stranger Places - Vol. V", 'Ithildin', 2023)
2024-05-03 00:29:18,158, 20, DEBUG, (2036, 'Hawthorn', "Arda's Herbarium: A Musical Guide to the Mystical Garden of Middle\u200b\u200b\u200b\u200b\u200b\u200b\u200b\u200b\u200b\u200b\u200b-\u200b\u200b\u200b\u200b\u200b\u200b\u200b\u200b\u200b\u200b\u200bEarth and Stranger Places - Vol. V", 'Ithildin', 2023)
2024-05-03 00:29:18,158, 20, DEBUG, (2037, 'Hazel', "Arda's Herbarium: A Musical Guide to the Mystical Garden of Middle\u200b\u200b\u200b\u200b\u200b\u200b\u200b\u200b\u200b\u200b\u200b-\u200b\u200b\u200b\u200b\u200b\u200b\u200b\u200b\u200b\u200b\u200bEarth and Stranger Places - Vol. V", 'Ithildin', 2023)
2024-05-03 00:29:18,158, 20, DEBUG, (2038, 'Heath', "Arda's Herbarium: A Musical Guide to the Mystical Garden of Middle\u200b\u200b\u200b\u200b\u200b\u200b\u200b\u200b\u200b\u200b\u200b-\u200b\u200b\u200b\u200b\u200b\u200b\u200b\u200b\u200b\u200b\u200bEarth and Stranger Places - Vol. V", 'Ithildin', 2023)
2024-05-03 00:29:18,159, 20, DEBUG, (2039, 'Heather', "Arda's Herbarium: A Musical Guide to the Mystical Garden of Middle\u200b\u200b\u200b\u200b\u200b\u200b\u200b\u200b\u200b\u200b\u200b-\u200b\u200b\u200b\u200b\u200b\u200b\u200b\u200b\u200b\u200b\u200bEarth and Stranger Places - Vol. V", 'Ithildin', 2023)
2024-05-03 00:29:18,159, 20, DEBUG, (2040, 'Hemlock', "Arda's Herbarium: A Musical Guide to the Mystical Garden of Middle\u200b\u200b\u200b\u200b\u200b\u200b\u200b\u200b\u200b\u200b\u200b-\u200b\u200b\u200b\u200b\u200b\u200b\u200b\u200b\u200b\u200b\u200bEarth and Stranger Places - Vol. V", 'Ithildin', 2023)
2024-05-03 00:29:18,159, 20, DEBUG, (2041, 'Hemp', "Arda's Herbarium: A Musical Guide to the Mystical Garden of Middle\u200b\u200b\u200b\u200b\u200b\u200b\u200b\u200b\u200b\u200b\u200b-\u200b\u200b\u200b\u200b\u200b\u200b\u200b\u200b\u200b\u200b\u200bEarth and Stranger Places - Vol. V", 'Ithildin', 2023)
2024-05-03 00:29:18,159, 20, DEBUG, (2042, 'Holly', "Arda's Herbarium: A Musical Guide to the Mystical Garden of Middle\u200b\u200b\u200b\u200b\u200b\u200b\u200b\u200b\u200b\u200b\u200b-\u200b\u200b\u200b\u200b\u200b\u200b\u200b\u200b\u200b\u200b\u200bEarth and Stranger Places - Vol. V", 'Ithildin', 2023)
2024-05-03 00:29:18,159, 20, DEBUG, (2043, 'Hírilorn', "Arda's Herbarium: A Musical Guide to the Mystical Garden of Middle\u200b\u200b\u200b\u200b\u200b\u200b\u200b\u200b\u200b\u200b\u200b-\u200b\u200b\u200b\u200b\u200b\u200b\u200b\u200b\u200b\u200b\u200bEarth and Stranger Places - Vol. V", 'Ithildin', 2023)
2024-05-03 00:29:18,159, 20, DEBUG, (2044, 'Belladonna', "Arda's Herbarium: A Musical Guide to the Mystical Garden of Middle\u200b-\u200bEarth and Stranger Places - Vol. II", 'Ithildin', 2022)
2024-05-03 00:29:18,159, 20, DEBUG, (2045, 'Bilberry', "Arda's Herbarium: A Musical Guide to the Mystical Garden of Middle\u200b-\u200bEarth and Stranger Places - Vol. II", 'Ithildin', 2022)
2024-05-03 00:29:18,159, 20, DEBUG, (2046, 'Birch', "Arda's Herbarium: A Musical Guide to the Mystical Garden of Middle\u200b-\u200bEarth and Stranger Places - Vol. II", 'Ithildin', 2022)
2024-05-03 00:29:18,159, 20, DEBUG, (2047, 'Blackberry', "Arda's Herbarium: A Musical Guide to the Mystical Garden of Middle\u200b-\u200bEarth and Stranger Places - Vol. II", 'Ithildin', 2022)
2024-05-03 00:29:18,159, 20, DEBUG, (2048, 'Boxwood', "Arda's Herbarium: A Musical Guide to the Mystical Garden of Middle\u200b-\u200bEarth and Stranger Places - Vol. II", 'Ithildin', 2022)
2024-05-03 00:29:18,159, 20, DEBUG, (2049, 'Bracken', "Arda's Herbarium: A Musical Guide to the Mystical Garden of Middle\u200b-\u200bEarth and Stranger Places - Vol. II", 'Ithildin', 2022)
2024-05-03 00:29:18,159, 20, DEBUG, (2050, 'Bramble', "Arda's Herbarium: A Musical Guide to the Mystical Garden of Middle\u200b-\u200bEarth and Stranger Places - Vol. II", 'Ithildin', 2022)
2024-05-03 00:29:18,159, 20, DEBUG, (2051, 'Broom', "Arda's Herbarium: A Musical Guide to the Mystical Garden of Middle\u200b-\u200bEarth and Stranger Places - Vol. II", 'Ithildin', 2022)
2024-05-03 00:29:18,159, 20, DEBUG, (2052, 'Butterbur', "Arda's Herbarium: A Musical Guide to the Mystical Garden of Middle\u200b-\u200bEarth and Stranger Places - Vol. II", 'Ithildin', 2022)
2024-05-03 00:29:18,159, 20, DEBUG, (2053, 'Buttercup', "Arda's Herbarium: A Musical Guide to the Mystical Garden of Middle\u200b-\u200bEarth and Stranger Places - Vol. II", 'Ithildin', 2022)
2024-05-03 00:29:18,159, 20, DEBUG, (2054, 'Cabbage', "Arda's Herbarium: A Musical Guide to the Mystical Garden of Middle\u200b-\u200bEarth and Stranger Places - Vol. II", 'Ithildin', 2022)
2024-05-03 00:29:18,159, 20, DEBUG, (2055, 'Camellia', "Arda's Herbarium: A Musical Guide to the Mystical Garden of Middle\u200b-\u200bEarth and Stranger Places - Vol. II", 'Ithildin', 2022)
2024-05-03 00:29:18,159, 20, DEBUG, (2056, 'Campion', "Arda's Herbarium: A Musical Guide to the Mystical Garden of Middle\u200b-\u200bEarth and Stranger Places - Vol. II", 'Ithildin', 2022)
2024-05-03 00:29:18,159, 20, DEBUG, (2057, 'Cardamom', "Arda's Herbarium: A Musical Guide to the Mystical Garden of Middle\u200b-\u200bEarth and Stranger Places - Vol. II", 'Ithildin', 2022)
2024-05-03 00:29:18,159, 20, DEBUG, (2058, 'Carrot', "Arda's Herbarium: A Musical Guide to the Mystical Garden of Middle\u200b-\u200bEarth and Stranger Places - Vol. II", 'Ithildin', 2022)
2024-05-03 00:29:18,159, 20, DEBUG, (2059, 'Cedar', "Arda's Herbarium: A Musical Guide to the Mystical Garden of Middle\u200b\u200b-\u200b\u200bEarth and Stranger Places - Vol. III", 'Ithildin', 2022)
2024-05-03 00:29:18,159, 20, DEBUG, (2060, 'Celandine', "Arda's Herbarium: A Musical Guide to the Mystical Garden of Middle\u200b\u200b-\u200b\u200bEarth and Stranger Places - Vol. III", 'Ithildin', 2022)
2024-05-03 00:29:18,159, 20, DEBUG, (2061, 'Celeborn', "Arda's Herbarium: A Musical Guide to the Mystical Garden of Middle\u200b\u200b-\u200b\u200bEarth and Stranger Places - Vol. III", 'Ithildin', 2022)
2024-05-03 00:29:18,159, 20, DEBUG, (2062, 'Cherry', "Arda's Herbarium: A Musical Guide to the Mystical Garden of Middle\u200b\u200b-\u200b\u200bEarth and Stranger Places - Vol. III", 'Ithildin', 2022)
2024-05-03 00:29:18,159, 20, DEBUG, (2063, 'Clematis', "Arda's Herbarium: A Musical Guide to the Mystical Garden of Middle\u200b\u200b-\u200b\u200bEarth and Stranger Places - Vol. III", 'Ithildin', 2022)
2024-05-03 00:29:18,159, 20, DEBUG, (2064, 'Clover', "Arda's Herbarium: A Musical Guide to the Mystical Garden of Middle\u200b\u200b-\u200b\u200bEarth and Stranger Places - Vol. III", 'Ithildin', 2022)
2024-05-03 00:29:18,159, 20, DEBUG, (2065, 'Coffee', "Arda's Herbarium: A Musical Guide to the Mystical Garden of Middle\u200b\u200b-\u200b\u200bEarth and Stranger Places - Vol. III", 'Ithildin', 2022)
2024-05-03 00:29:18,159, 20, DEBUG, (2066, 'Cordgrass', "Arda's Herbarium: A Musical Guide to the Mystical Garden of Middle\u200b\u200b-\u200b\u200bEarth and Stranger Places - Vol. III", 'Ithildin', 2022)
2024-05-03 00:29:18,159, 20, DEBUG, (2067, 'Cornel', "Arda's Herbarium: A Musical Guide to the Mystical Garden of Middle\u200b\u200b-\u200b\u200bEarth and Stranger Places - Vol. III", 'Ithildin', 2022)
2024-05-03 00:29:18,159, 20, DEBUG, (2068, 'Cotton', "Arda's Herbarium: A Musical Guide to the Mystical Garden of Middle\u200b\u200b-\u200b\u200bEarth and Stranger Places - Vol. III", 'Ithildin', 2022)
2024-05-03 00:29:18,159, 20, DEBUG, (2069, 'Cress', "Arda's Herbarium: A Musical Guide to the Mystical Garden of Middle\u200b\u200b-\u200b\u200bEarth and Stranger Places - Vol. III", 'Ithildin', 2022)
2024-05-03 00:29:18,159, 20, DEBUG, (2070, 'Cucumber', "Arda's Herbarium: A Musical Guide to the Mystical Garden of Middle\u200b\u200b-\u200b\u200bEarth and Stranger Places - Vol. III", 'Ithildin', 2022)
2024-05-03 00:29:18,159, 20, DEBUG, (2071, 'Culumalda', "Arda's Herbarium: A Musical Guide to the Mystical Garden of Middle\u200b\u200b-\u200b\u200bEarth and Stranger Places - Vol. III", 'Ithildin', 2022)
2024-05-03 00:29:18,159, 20, DEBUG, (2072, 'Cyanobacteria', "Arda's Herbarium: A Musical Guide to the Mystical Garden of Middle\u200b\u200b-\u200b\u200bEarth and Stranger Places - Vol. III", 'Ithildin', 2022)
2024-05-03 00:29:18,159, 20, DEBUG, (2073, 'Cypress', "Arda's Herbarium: A Musical Guide to the Mystical Garden of Middle\u200b\u200b-\u200b\u200bEarth and Stranger Places - Vol. III", 'Ithildin', 2022)
2024-05-03 00:29:18,159, 20, DEBUG, (2074, 'Daffadowndilly', "Arda's Herbarium: A Musical Guide to the Mystical Garden of Middle\u200b\u200b\u200b\u200b\u200b-\u200b\u200b\u200b\u200b\u200bEarth and Stranger Places - Vol. IV", 'Ithildin', 2023)
2024-05-03 00:29:18,159, 20, DEBUG, (2075, 'Daisy', "Arda's Herbarium: A Musical Guide to the Mystical Garden of Middle\u200b\u200b\u200b\u200b\u200b-\u200b\u200b\u200b\u200b\u200bEarth and Stranger Places - Vol. IV", 'Ithildin', 2023)
2024-05-03 00:29:18,159, 20, DEBUG, (2076, 'Dandelion', "Arda's Herbarium: A Musical Guide to the Mystical Garden of Middle\u200b\u200b\u200b\u200b\u200b-\u200b\u200b\u200b\u200b\u200bEarth and Stranger Places - Vol. IV", 'Ithildin', 2023)
2024-05-03 00:29:18,159, 20, DEBUG, (2077, 'Ebony', "Arda's Herbarium: A Musical Guide to the Mystical Garden of Middle\u200b\u200b\u200b\u200b\u200b-\u200b\u200b\u200b\u200b\u200bEarth and Stranger Places - Vol. IV", 'Ithildin', 2023)
2024-05-03 00:29:18,159, 20, DEBUG, (2078, 'Eglantine', "Arda's Herbarium: A Musical Guide to the Mystical Garden of Middle\u200b\u200b\u200b\u200b\u200b-\u200b\u200b\u200b\u200b\u200bEarth and Stranger Places - Vol. IV", 'Ithildin', 2023)
2024-05-03 00:29:18,159, 20, DEBUG, (2079, 'Elanor', "Arda's Herbarium: A Musical Guide to the Mystical Garden of Middle\u200b\u200b\u200b\u200b\u200b-\u200b\u200b\u200b\u200b\u200bEarth and Stranger Places - Vol. IV", 'Ithildin', 2023)
2024-05-03 00:29:18,159, 20, DEBUG, (2080, 'Elm', "Arda's Herbarium: A Musical Guide to the Mystical Garden of Middle\u200b\u200b\u200b\u200b\u200b-\u200b\u200b\u200b\u200b\u200bEarth and Stranger Places - Vol. IV", 'Ithildin', 2023)
2024-05-03 00:29:18,159, 20, DEBUG, (2081, 'Ent & Entwife', "Arda's Herbarium: A Musical Guide to the Mystical Garden of Middle\u200b\u200b\u200b\u200b\u200b-\u200b\u200b\u200b\u200b\u200bEarth and Stranger Places - Vol. IV", 'Ithildin', 2023)
2024-05-03 00:29:18,159, 20, DEBUG, (2082, 'Fern', "Arda's Herbarium: A Musical Guide to the Mystical Garden of Middle\u200b\u200b\u200b\u200b\u200b-\u200b\u200b\u200b\u200b\u200bEarth and Stranger Places - Vol. IV", 'Ithildin', 2023)
2024-05-03 00:29:18,159, 20, DEBUG, (2083, 'Filbert', "Arda's Herbarium: A Musical Guide to the Mystical Garden of Middle\u200b\u200b\u200b\u200b\u200b-\u200b\u200b\u200b\u200b\u200bEarth and Stranger Places - Vol. IV", 'Ithildin', 2023)
2024-05-03 00:29:18,159, 20, DEBUG, (2084, 'Fir', "Arda's Herbarium: A Musical Guide to the Mystical Garden of Middle\u200b\u200b\u200b\u200b\u200b-\u200b\u200b\u200b\u200b\u200bEarth and Stranger Places - Vol. IV", 'Ithildin', 2023)
2024-05-03 00:29:18,159, 20, DEBUG, (2085, 'Fireweed (feat. Deep Gnome)', "Arda's Herbarium: A Musical Guide to the Mystical Garden of Middle\u200b\u200b\u200b\u200b\u200b-\u200b\u200b\u200b\u200b\u200bEarth and Stranger Places - Vol. IV", 'Ithildin', 2023)
2024-05-03 00:29:18,159, 20, DEBUG, (2086, 'Flag Lily', "Arda's Herbarium: A Musical Guide to the Mystical Garden of Middle\u200b\u200b\u200b\u200b\u200b-\u200b\u200b\u200b\u200b\u200bEarth and Stranger Places - Vol. IV", 'Ithildin', 2023)
2024-05-03 00:29:18,159, 20, DEBUG, (2087, 'Flax', "Arda's Herbarium: A Musical Guide to the Mystical Garden of Middle\u200b\u200b\u200b\u200b\u200b-\u200b\u200b\u200b\u200b\u200bEarth and Stranger Places - Vol. IV", 'Ithildin', 2023)
2024-05-03 00:29:18,159, 20, DEBUG, (2088, 'Forget-me-not', "Arda's Herbarium: A Musical Guide to the Mystical Garden of Middle\u200b\u200b\u200b\u200b\u200b-\u200b\u200b\u200b\u200b\u200bEarth and Stranger Places - Vol. IV", 'Ithildin', 2023)
2024-05-03 00:29:18,159, 20, DEBUG, (2089, 'Aeglos', "Arda's Herbarium: A Musical Guide to the Mystical Garden of Middle-Earth and Stranger Places - Vol. I", 'Ithildin', 2022)
2024-05-03 00:29:18,159, 20, DEBUG, (2090, 'Alder', "Arda's Herbarium: A Musical Guide to the Mystical Garden of Middle-Earth and Stranger Places - Vol. I", 'Ithildin', 2022)
2024-05-03 00:29:18,159, 20, DEBUG, (2091, 'Alfirin', "Arda's Herbarium: A Musical Guide to the Mystical Garden of Middle-Earth and Stranger Places - Vol. I", 'Ithildin', 2022)
2024-05-03 00:29:18,159, 20, DEBUG, (2092, 'Amaranth', "Arda's Herbarium: A Musical Guide to the Mystical Garden of Middle-Earth and Stranger Places - Vol. I", 'Ithildin', 2022)
2024-05-03 00:29:18,159, 20, DEBUG, (2093, 'Anemone', "Arda's Herbarium: A Musical Guide to the Mystical Garden of Middle-Earth and Stranger Places - Vol. I", 'Ithildin', 2022)
2024-05-03 00:29:18,160, 20, DEBUG, (2094, 'Angelica Sylvestris', "Arda's Herbarium: A Musical Guide to the Mystical Garden of Middle-Earth and Stranger Places - Vol. I", 'Ithildin', 2022)
2024-05-03 00:29:18,160, 20, DEBUG, (2095, 'Apple', "Arda's Herbarium: A Musical Guide to the Mystical Garden of Middle-Earth and Stranger Places - Vol. I", 'Ithildin', 2022)
2024-05-03 00:29:18,160, 20, DEBUG, (2096, 'Ash', "Arda's Herbarium: A Musical Guide to the Mystical Garden of Middle-Earth and Stranger Places - Vol. I", 'Ithildin', 2022)
2024-05-03 00:29:18,160, 20, DEBUG, (2097, 'Asphodel', "Arda's Herbarium: A Musical Guide to the Mystical Garden of Middle-Earth and Stranger Places - Vol. I", 'Ithildin', 2022)
2024-05-03 00:29:18,160, 20, DEBUG, (2098, 'Athelas', "Arda's Herbarium: A Musical Guide to the Mystical Garden of Middle-Earth and Stranger Places - Vol. I", 'Ithildin', 2022)
2024-05-03 00:29:18,160, 20, DEBUG, (2099, 'Barley', "Arda's Herbarium: A Musical Guide to the Mystical Garden of Middle-Earth and Stranger Places - Vol. I", 'Ithildin', 2022)
2024-05-03 00:29:18,160, 20, DEBUG, (2100, 'Bay', "Arda's Herbarium: A Musical Guide to the Mystical Garden of Middle-Earth and Stranger Places - Vol. I", 'Ithildin', 2022)
2024-05-03 00:29:18,160, 20, DEBUG, (2101, 'Bean', "Arda's Herbarium: A Musical Guide to the Mystical Garden of Middle-Earth and Stranger Places - Vol. I", 'Ithildin', 2022)
2024-05-03 00:29:18,160, 20, DEBUG, (2102, 'Beard Lichen', "Arda's Herbarium: A Musical Guide to the Mystical Garden of Middle-Earth and Stranger Places - Vol. I", 'Ithildin', 2022)
2024-05-03 00:29:18,160, 20, DEBUG, (2103, 'Beech', "Arda's Herbarium: A Musical Guide to the Mystical Garden of Middle-Earth and Stranger Places - Vol. I", 'Ithildin', 2022)
2024-05-03 00:29:18,160, 20, DEBUG, (2104, 'Pax Imperatoris', 'Dark Litanies of Terra', 'Monasterium Imperi', 2020)
2024-05-03 00:29:18,160, 20, DEBUG, (2105, 'Dominus-Magisterium', 'Dark Litanies of Terra', 'Monasterium Imperi', 2020)
2024-05-03 00:29:18,160, 20, DEBUG, (2106, 'Fratres', 'Dark Litanies of Terra', 'Monasterium Imperi', 2020)
2024-05-03 00:29:18,160, 20, DEBUG, (2107, 'Liberate Lux Machina', 'Dark Litanies of Terra', 'Monasterium Imperi', 2020)
2024-05-03 00:29:18,160, 20, DEBUG, (2108, 'Cathedralis Titanum', 'Dark Litanies of Terra', 'Monasterium Imperi', 2020)
2024-05-03 00:29:18,160, 20, DEBUG, (2109, 'Sanctus Terra', 'Dark Litanies of Terra', 'Monasterium Imperi', 2020)
2024-05-03 00:29:18,160, 20, DEBUG, (2110, 'Ad Astra et Ultra', 'Dark Litanies of Terra', 'Monasterium Imperi', 2020)
2024-05-03 00:29:18,160, 20, DEBUG, (2111, 'Ordo Arcanum Cognitio', 'Mundus Sanctorium', 'Monasterium Imperi', 2021)
2024-05-03 00:29:18,160, 20, DEBUG, (2112, 'Angeles Metalikus', 'Mundus Sanctorium', 'Monasterium Imperi', 2021)
2024-05-03 00:29:18,160, 20, DEBUG, (2113, 'Credo Ultima', 'Mundus Sanctorium', 'Monasterium Imperi', 2021)
2024-05-03 00:29:18,160, 20, DEBUG, (2114, 'Ecclesiarch', 'Dark Transcendence', 'Mördann', 2024)
2024-05-03 00:29:18,160, 20, DEBUG, (2115, 'Upon A Blood Moon', 'Dark Transcendence', 'Mördann', 2024)
2024-05-03 00:29:18,160, 20, DEBUG, (2116, 'Ethereal Darkness', 'Dark Transcendence', 'Mördann', 2024)
2024-05-03 00:29:18,160, 20, DEBUG, (2117, 'The Inner Circle', 'Dark Transcendence', 'Mördann', 2024)
2024-05-03 00:29:18,160, 20, DEBUG, (2118, 'Apotheosis', 'Dark Transcendence', 'Mördann', 2024)
2024-05-03 00:29:18,160, 20, DEBUG, (2119, 'Dark Transcendence', 'Dark Transcendence', 'Mördann', 2024)
2024-05-03 00:29:18,160, 20, DEBUG, (2120, 'The Dance of Shadows', 'In the Forest Night', 'NAVGOLOKH', 2023)
2024-05-03 00:29:18,160, 20, DEBUG, (2121, 'Spectres In Moonlight', 'In the Forest Night', 'NAVGOLOKH', 2023)
2024-05-03 00:29:18,160, 20, DEBUG, (2122, 'Breaths of the Forest', 'In the Forest Night', 'NAVGOLOKH', 2023)
2024-05-03 00:29:18,160, 20, DEBUG, (2123, 'A Silent Cry In The Night', 'In the Forest Night', 'NAVGOLOKH', 2023)
2024-05-03 00:29:18,160, 20, DEBUG, (2124, 'Obsidian Gate', 'Land of the Necromancer', 'Necromancer Tower', 2022)
2024-05-03 00:29:18,160, 20, DEBUG, (2125, 'Goblin Cave', 'Land of the Necromancer', 'Necromancer Tower', 2022)
2024-05-03 00:29:18,160, 20, DEBUG, (2126, 'Moonlight Lake', 'Land of the Necromancer', 'Necromancer Tower', 2022)
2024-05-03 00:29:18,160, 20, DEBUG, (2127, 'Necromancer Tower', 'Land of the Necromancer', 'Necromancer Tower', 2022)
2024-05-03 00:29:18,160, 20, DEBUG, (2128, 'Marshland', 'Land of the Necromancer', 'Necromancer Tower', 2022)
2024-05-03 00:29:18,160, 20, DEBUG, (2129, 'Mystical Forest', 'Land of the Necromancer', 'Necromancer Tower', 2022)
2024-05-03 00:29:18,160, 20, DEBUG, (2130, 'Haunted Ruins', 'Land of the Necromancer', 'Necromancer Tower', 2022)
2024-05-03 00:29:18,160, 20, DEBUG, (2131, 'Obsidian Gate (pure chiptune version)', 'Land of the Necromancer', 'Necromancer Tower', 2022)
2024-05-03 00:29:18,160, 20, DEBUG, (2132, 'Goblin Cave (pure chiptune version)', 'Land of the Necromancer', 'Necromancer Tower', 2022)
2024-05-03 00:29:18,160, 20, DEBUG, (2133, 'Moonlight Lake (pure chiptune version)', 'Land of the Necromancer', 'Necromancer Tower', 2022)
2024-05-03 00:29:18,160, 20, DEBUG, (2134, 'Necromancer Tower (pure chiptune version)', 'Land of the Necromancer', 'Necromancer Tower', 2022)
2024-05-03 00:29:18,160, 20, DEBUG, (2135, 'Marshland (pure chiptune version)', 'Land of the Necromancer', 'Necromancer Tower', 2022)
2024-05-03 00:29:18,160, 20, DEBUG, (2136, 'Mystical Forest (pure chiptune version)', 'Land of the Necromancer', 'Necromancer Tower', 2022)
2024-05-03 00:29:18,160, 20, DEBUG, (2137, 'Haunted Ruins (pure chiptune version)', 'Land of the Necromancer', 'Necromancer Tower', 2022)
2024-05-03 00:29:18,160, 20, DEBUG, (2138, 'I', 'Hideous Omens', 'Orlak', 2023)
2024-05-03 00:29:18,160, 20, DEBUG, (2139, 'II', 'Hideous Omens', 'Orlak', 2023)
2024-05-03 00:29:18,160, 20, DEBUG, (2140, 'III', 'Hideous Omens', 'Orlak', 2023)
2024-05-03 00:29:18,160, 20, DEBUG, (2141, 'IV', 'Hideous Omens', 'Orlak', 2023)
2024-05-03 00:29:18,160, 20, DEBUG, (2142, 'V', 'Hideous Omens', 'Orlak', 2023)
2024-05-03 00:29:18,160, 20, DEBUG, (2143, 'VI', 'Hideous Omens', 'Orlak', 2023)
2024-05-03 00:29:18,160, 20, DEBUG, (2144, 'Return To The Frozen Moon', 'Relinquish The Light', 'Pull The Strings', 2023)
2024-05-03 00:29:18,160, 20, DEBUG, (2145, 'Cornus Florida', 'Relinquish The Light', 'Pull The Strings', 2023)
2024-05-03 00:29:18,160, 20, DEBUG, (2146, 'In The Worst Way', 'Relinquish The Light', 'Pull The Strings', 2023)
2024-05-03 00:29:18,160, 20, DEBUG, (2147, 'Hinnom', 'Relinquish The Light', 'Pull The Strings', 2023)
2024-05-03 00:29:18,160, 20, DEBUG, (2148, 'Aurora', 'Relinquish The Light', 'Pull The Strings', 2023)
2024-05-03 00:29:18,160, 20, DEBUG, (2149, 'Ghost Of Lust', 'Relinquish The Light', 'Pull The Strings', 2023)
2024-05-03 00:29:18,160, 20, DEBUG, (2150, 'Severed From Life', 'Relinquish The Light', 'Pull The Strings', 2023)
2024-05-03 00:29:18,160, 20, DEBUG, (2151, 'Dying Breath', 'Relinquish The Light', 'Pull The Strings', 2023)
2024-05-03 00:29:18,160, 20, DEBUG, (2152, 'Hell Is Here', 'Relinquish The Light', 'Pull The Strings', 2023)
2024-05-03 00:29:18,160, 20, DEBUG, (2153, '\u6211\u64ca\u4e2d\u4e8613\u9ede\u50b7\u5bb3\uff0c\u751f\u6d3b\u518d\u6b21\u611f\u89ba\u826f\u597d', 'runescape\u200b.\u200bwav2\u6230\u5229\u54c1\u7684\u6230\u722d', 'runescape\u65af\u51f1\u5229', 2019)
2024-05-03 00:29:18,160, 20, DEBUG, (2154, '\u6211\u7684\u6c0f\u65cf\u6b63\u5728\u5931\u53bb\u9019\u5834\u6230\u722d\uff0c\u4f46\u6211\u6703\u70ba\u6b7b\u800c\u6230', 'runescape\u200b.\u200bwav2\u6230\u5229\u54c1\u7684\u6230\u722d', 'runescape\u65af\u51f1\u5229', 2019)
2024-05-03 00:29:18,160, 20, DEBUG, (2155, '\u78e8\u5230\u4e94\u5341\u4e09\u500b\u7948\u79b1', 'runescape\u200b.\u200bwav2\u6230\u5229\u54c1\u7684\u6230\u722d', 'runescape\u65af\u51f1\u5229', 2019)
2024-05-03 00:29:18,160, 20, DEBUG, (2156, '\u5982\u679c\u6211\u5148\u6bba\u4e86\u81ea\u5df1\uff0c\u4f60\u4e0d\u80fd\u6bba\u4e86\u6211', 'runescape\u200b.\u200bwav2\u6230\u5229\u54c1\u7684\u6230\u722d', 'runescape\u65af\u51f1\u5229', 2019)
2024-05-03 00:29:18,160, 20, DEBUG, (2157, '\u4e5d\u5341\u4e5d\u7d1a\u7948\u79b1', 'runescape\u200b.\u200bwav2\u6230\u5229\u54c1\u7684\u6230\u722d', 'runescape\u65af\u51f1\u5229', 2019)
2024-05-03 00:29:18,160, 20, DEBUG, (2158, '\u7576\u6211\u6b7b\u4e86\uff0c\u57cb\u846c\u4f60\u53ef\u4ee5\u6709\u6211\u7684\u5bc6\u78bc', 'runescape\u200b.\u200bwav2\u6230\u5229\u54c1\u7684\u6230\u722d', 'runescape\u65af\u51f1\u5229', 2019)
2024-05-03 00:29:18,161, 20, DEBUG, (2159, '\u6211\u7281\u7530\u516d\u500b\u5c0f\u6642\uff0c\u5728\u623f\u5b50\u88e1\u5f97\u5230\u597d\u8655', 'runescape\u200b.\u200bwav2\u6230\u5229\u54c1\u7684\u6230\u722d', 'runescape\u65af\u51f1\u5229', 2019)
2024-05-03 00:29:18,161, 20, DEBUG, (2160, '\u8cb7\u4e09\u842c\u91d1\u7684\u5973\u670b\u53cb (Digital Exclusive)', 'runescape\u200b.\u200bwav2\u6230\u5229\u54c1\u7684\u6230\u722d', 'runescape\u65af\u51f1\u5229', 2019)
2024-05-03 00:29:18,161, 20, DEBUG, (2161, '\u8840\u706b\u5728\u6211\u7684\u706b\u7b26\u6587\u7684\u61a4\u6012\u4e2d\u6ea2\u51fa', 'runescape\u200b.\u200bwav2\u6230\u5229\u54c1\u7684\u6230\u722d', 'runescape\u65af\u51f1\u5229', 2019)
2024-05-03 00:29:18,161, 20, DEBUG, (2162, '\u5403\u9f8d\u8766\u548c\u6bba\u6b7b\u91ce\u883b\u4eba\u7684\u529b\u91cf', 'runescape\u200b.\u200bwav2\u6230\u5229\u54c1\u7684\u6230\u722d', 'runescape\u65af\u51f1\u5229', 2019)
2024-05-03 00:29:18,161, 20, DEBUG, (2163, '\u6211\u5403\u4e86\u5341\u4e03\u96bb\u9bca\u9b5a\u4f86\u6cbb\u7642\u81ea\u5df1\uff0c\u4f46\u9019\u9084\u4e0d\u5920', 'runescape\u200b.\u200bwav2\u6230\u5229\u54c1\u7684\u6230\u722d', 'runescape\u65af\u51f1\u5229', 2019)
2024-05-03 00:29:18,161, 20, DEBUG, (2164, '\u6211\u662f\u4e00\u500b\u7d14\u6de8\u7684\u4eba\uff0c\u653e\u5b78\u5f8c\u70ba\u4e86\u5a1b\u6a02\u800c\u6230\u9b25\uff0c\u800c\u6211\u5403\u6211\u7684\u860b\u679c', 'runescape\u200b.\u200bwav2\u6230\u5229\u54c1\u7684\u6230\u722d', 'runescape\u65af\u51f1\u5229', 2019)
2024-05-03 00:29:18,161, 20, DEBUG, (2165, '\u4f8f\u5112\u5b69\u5b50\u662f\u6211\u7684\u4e3b\u4eba\u548c\u6551\u4e16\u4e3b', 'runescape\u200b.\u200bwav2\u6230\u5229\u54c1\u7684\u6230\u722d', 'runescape\u65af\u51f1\u5229', 2019)
2024-05-03 00:29:18,161, 20, DEBUG, (2166, '\u6211\u7684\u670b\u53cb\u53ea\u95dc\u5fc3\u7df4\u7d1a\u654f\u6377', 'runescape\u200b.\u200bwav2\u6230\u5229\u54c1\u7684\u6230\u722d', 'runescape\u65af\u51f1\u5229', 2019)
2024-05-03 00:29:18,161, 20, DEBUG, (2167, '\u9019\u5834\u6230\u9b25\u5df2\u7d93\u958b\u59cb\u516d\u5e74\u4e86\uff0c\u6211\u525b\u525b\u958b\u59cb', 'runescape\u200b.\u200bwav2\u6230\u5229\u54c1\u7684\u6230\u722d', 'runescape\u65af\u51f1\u5229', 2019)
2024-05-03 00:29:18,161, 20, DEBUG, (2168, 'My Love', 'My Love', 'Saahrg', 2024)
2024-05-03 00:29:18,161, 20, DEBUG, (2169, 'A Pound Of Flesh', 'My Love', 'Saahrg', 2024)
2024-05-03 00:29:18,161, 20, DEBUG, (2170, 'My Spirit Lays Shattered', 'Of Sorrow Sempiternal', 'Shattered Spirit', 2024)
2024-05-03 00:29:18,161, 20, DEBUG, (2171, 'Wandering the Paths of the Melancholic Mind', 'Of Sorrow Sempiternal', 'Shattered Spirit', 2024)
2024-05-03 00:29:18,161, 20, DEBUG, (2172, 'Of Sorrow Sempiternal', 'Of Sorrow Sempiternal', 'Shattered Spirit', 2024)
2024-05-03 00:29:18,161, 20, DEBUG, (2173, 'With Despair as My Kingdom, My Reign is at an End', 'Of Sorrow Sempiternal', 'Shattered Spirit', 2024)
2024-05-03 00:29:18,161, 20, DEBUG, (2174, 'Rite of Fyrd', 'The Castle of the Shieldmaiden', 'Svein the Witch Hammer / More Teeth', 1984)
2024-05-03 00:29:18,161, 20, DEBUG, (2175, 'The Tulpamancer', 'The Castle of the Shieldmaiden', 'Svein the Witch Hammer / More Teeth', 1984)
2024-05-03 00:29:18,161, 20, DEBUG, (2176, 'Wyvern Attack', 'The Castle of the Shieldmaiden', 'Svein the Witch Hammer / More Teeth', 1984)
2024-05-03 00:29:18,161, 20, DEBUG, (2177, 'Ungoliant', 'The Castle of the Shieldmaiden', 'Svein the Witch Hammer / More Teeth', 1984)
2024-05-03 00:29:18,161, 20, DEBUG, (2178, 'Golden Dragon', 'The Castle of the Shieldmaiden', 'Svein the Witch Hammer / More Teeth', 1984)
2024-05-03 00:29:18,161, 20, DEBUG, (2179, 'Black Fortress', 'The Castle of the Shieldmaiden', 'Svein the Witch Hammer / More Teeth', 1984)
2024-05-03 00:29:18,161, 20, DEBUG, (2180, 'Vinterkall', 'The Castle of the Shieldmaiden', 'Svein the Witch Hammer / More Teeth', 1984)
2024-05-03 00:29:18,161, 20, DEBUG, (2181, 'Death of Svein the Witch Hammer', 'The Castle of the Shieldmaiden', 'Svein the Witch Hammer / More Teeth', 1984)
2024-05-03 00:29:18,161, 20, DEBUG, (2182, 'Prison Planet', 'Yaldabaoth', 'Thelema', 2024)
2024-05-03 00:29:18,161, 20, DEBUG, (2183, 'Sarkic Philosophies', 'Yaldabaoth', 'Thelema', 2024)
2024-05-03 00:29:18,161, 20, DEBUG, (2184, 'Samael (Demiurge I)', 'Yaldabaoth', 'Thelema', 2024)
2024-05-03 00:29:18,161, 20, DEBUG, (2185, 'Yaldabaoth (Demiurge II)', 'Yaldabaoth', 'Thelema', 2024)
2024-05-03 00:29:18,161, 20, DEBUG, (2186, 'Misty Way', 'Swamp Castle', 'Tol Galen', 2022)
2024-05-03 00:29:18,161, 20, DEBUG, (2187, 'Forest Path', 'Swamp Castle', 'Tol Galen', 2022)
2024-05-03 00:29:18,161, 20, DEBUG, (2188, 'Hill of Dark Sorcery', 'Swamp Castle', 'Tol Galen', 2022)
2024-05-03 00:29:18,161, 20, DEBUG, (2189, 'Eryn Galen', 'Swamp Castle', 'Tol Galen', 2022)
2024-05-03 00:29:18,161, 20, DEBUG, (2190, 'Loeg Ningloron', 'Swamp Castle', 'Tol Galen', 2022)
2024-05-03 00:29:18,161, 20, DEBUG, (2191, 'Fortress of the Necromancer', 'Swamp Castle', 'Tol Galen', 2022)
2024-05-03 00:29:18,161, 20, DEBUG, (2192, 'Down the Great River', 'Swamp Castle', 'Tol Galen', 2022)
2024-05-03 00:29:18,161, 20, DEBUG, (2193, 'The Birth of Naxxramas', 'The Birth of Naxxramas', 'Vaelastrasz', 2019)
2024-05-03 00:29:18,161, 20, DEBUG, (2194, 'The Swamp Castle Rises', 'Journeys Adrift', 'Valscharuhn', 2013)
2024-05-03 00:29:18,161, 20, DEBUG, (2195, 'Ghost of the Princess', 'Journeys Adrift', 'Valscharuhn', 2013)
2024-05-03 00:29:18,161, 20, DEBUG, (2196, "Shaman's Prophecy", 'Journeys Adrift', 'Valscharuhn', 2013)
2024-05-03 00:29:18,161, 20, DEBUG, (2197, 'Immortal Union with Dagon', 'Journeys Adrift', 'Valscharuhn', 2013)
2024-05-03 00:29:18,161, 20, DEBUG, (2198, "Hermit's Sanctuary", 'Journeys Adrift', 'Valscharuhn', 2013)
2024-05-03 00:29:18,161, 20, DEBUG, (2199, 'Heiroglyphic Forest', 'Journeys Adrift', 'Valscharuhn', 2013)
2024-05-03 00:29:18,161, 20, DEBUG, (2200, 'From the Realm of Dust and Darkness', 'The Ghost from Sheol', 'Vikorra Doom', 2024)
2024-05-03 00:29:18,161, 20, DEBUG, (2201, 'Dreams of my Former Throne', 'The Ghost from Sheol', 'Vikorra Doom', 2024)
2024-05-03 00:29:18,161, 20, DEBUG, (2202, 'The Haunted  Hyperion Woods', 'The Ghost from Sheol', 'Vikorra Doom', 2024)
2024-05-03 00:29:18,161, 20, DEBUG, (2203, 'A Once Majestic Castle in Ruins', 'The Ghost from Sheol', 'Vikorra Doom', 2024)
2024-05-03 00:29:18,161, 20, DEBUG, (2204, 'Pale Rider - Through the Shokotum', 'The Ghost from Sheol', 'Vikorra Doom', 2024)
2024-05-03 00:29:18,161, 20, DEBUG, (2205, 'Spiritual Gateway', 'The Ghost from Sheol', 'Vikorra Doom', 2024)
2024-05-03 00:29:18,161, 20, DEBUG, (2206, 'Lair of Tarkyz - The Dark Shaman', 'The Ghost from Sheol', 'Vikorra Doom', 2024)
2024-05-03 00:29:18,161, 20, DEBUG, (2207, 'The Hall of Unhallowed Steel', 'The Ghost from Sheol', 'Vikorra Doom', 2024)
2024-05-03 00:29:18,161, 20, DEBUG, (2208, 'Facing Xalul', 'The Ghost from Sheol', 'Vikorra Doom', 2024)
2024-05-03 00:29:18,161, 20, DEBUG, (2209, 'After Battle Euphoria', 'The Ghost from Sheol', 'Vikorra Doom', 2024)
2024-05-03 00:29:18,161, 20, DEBUG, (2210, 'Return to the Underworld', 'The Ghost from Sheol', 'Vikorra Doom', 2024)
2024-05-03 00:29:18,161, 20, DEBUG, (2211, '1-1 THE ETERNAL CRYPTGATE', 'MODULE 1', 'WARDUKE', 2018)
2024-05-03 00:29:18,161, 20, DEBUG, (2212, '1-2 THE FORLORN HALLS', 'MODULE 1', 'WARDUKE', 2018)
2024-05-03 00:29:18,161, 20, DEBUG, (2213, '1-3 THE THRONE ROOM OF THE SKELETAL LORD', 'MODULE 1', 'WARDUKE', 2018)
2024-05-03 00:29:18,161, 20, DEBUG, (2214, '1-B THE SPECTRAL BANQUET', 'MODULE 1', 'WARDUKE', 2018)
2024-05-03 00:29:18,161, 20, DEBUG, (2215, '2-1 THE HIDDEN KEEP', 'MODULE 2', 'WARDUKE', 2018)
2024-05-03 00:29:18,161, 20, DEBUG, (2216, '2-2 THE PLUNGING STAIR', 'MODULE 2', 'WARDUKE', 2018)
2024-05-03 00:29:18,161, 20, DEBUG, (2217, '2-3 THE LAIR OF THE MANY-HORNED ONE', 'MODULE 2', 'WARDUKE', 2018)
2024-05-03 00:29:18,161, 20, DEBUG, (2218, '2-B THE DEMON WARREN', 'MODULE 2', 'WARDUKE', 2018)
2024-05-03 00:29:18,161, 20, DEBUG, (2219, '3-1 THE DOOR IN THE MOUNTAIN', 'MODULE 3', 'WARDUKE', 2019)
2024-05-03 00:29:18,161, 20, DEBUG, (2220, '3-2 THE COPROLITE ALTAR', 'MODULE 3', 'WARDUKE', 2019)
2024-05-03 00:29:18,161, 20, DEBUG, (2221, '3-3 THE PORTAL TO PAST THE STARS', 'MODULE 3', 'WARDUKE', 2019)
2024-05-03 00:29:18,161, 20, DEBUG, (2222, 'Awakening a Forgotten Sorcery', 'Cosmic Spell', 'Warlock Corpse', 2023)
2024-05-03 00:29:18,161, 20, DEBUG, (2223, 'Lost Blade', 'Cosmic Spell', 'Warlock Corpse', 2023)
2024-05-03 00:29:18,161, 20, DEBUG, (2224, 'Crystals for the Time Lord', 'Cosmic Spell', 'Warlock Corpse', 2023)
2024-05-03 00:29:18,161, 20, DEBUG, (2225, 'Distress Signal', 'Cosmic Spell', 'Warlock Corpse', 2023)
2024-05-03 00:29:18,162, 20, DEBUG, (2226, 'Obscure Planet', 'Cosmic Spell', 'Warlock Corpse', 2023)
2024-05-03 00:29:18,162, 20, DEBUG, (2227, 'Star City', 'Cosmic Spell', 'Warlock Corpse', 2023)
2024-05-03 00:29:18,162, 20, DEBUG, (2228, 'Constellation of the Bladeless Sword', 'Cosmic Spell', 'Warlock Corpse', 2023)
2024-05-03 00:29:18,162, 20, DEBUG, (2229, 'Call of a Forgotten Ancestor', 'Cosmic Spell', 'Warlock Corpse', 2023)
2024-05-03 00:29:18,162, 20, DEBUG, (2230, 'Dreams of a Dying World', 'Cosmic Spell', 'Warlock Corpse', 2023)
2024-05-03 00:29:18,162, 20, DEBUG, (2231, 'Return of the Dark Asteroid', 'Cosmic Spell', 'Warlock Corpse', 2023)
2024-05-03 00:29:18,162, 20, DEBUG, (2232, 'Cosmic Spell', 'Cosmic Spell', 'Warlock Corpse', 2023)
2024-05-03 00:29:18,162, 20, DEBUG, (2233, 'Army of the Dead', 'Leaving This Rotten World', 'Warlock Corpse', 2023)
2024-05-03 00:29:18,162, 20, DEBUG, (2234, 'Leaving This World #1', 'Leaving This Rotten World', 'Warlock Corpse', 2023)
2024-05-03 00:29:18,162, 20, DEBUG, (2235, 'Battle of the Gray Tower', 'Leaving This Rotten World', 'Warlock Corpse', 2023)
2024-05-03 00:29:18,162, 20, DEBUG, (2236, 'Fear of Animals and People', 'Leaving This Rotten World', 'Warlock Corpse', 2023)
2024-05-03 00:29:18,162, 20, DEBUG, (2237, 'Sky City', 'Leaving This Rotten World', 'Warlock Corpse', 2023)
2024-05-03 00:29:18,162, 20, DEBUG, (2238, 'Rat March', 'Leaving This Rotten World', 'Warlock Corpse', 2023)
2024-05-03 00:29:18,162, 20, DEBUG, (2239, 'Dead Wayfarer', 'Leaving This Rotten World', 'Warlock Corpse', 2023)
2024-05-03 00:29:18,162, 20, DEBUG, (2240, 'Return of the Lost King', 'Leaving This Rotten World', 'Warlock Corpse', 2023)
2024-05-03 00:29:18,162, 20, DEBUG, (2241, 'Dance of the Autumn Sun', 'Leaving This Rotten World', 'Warlock Corpse', 2023)
2024-05-03 00:29:18,162, 20, DEBUG, (2242, 'Time Labyrinth', 'Leaving This Rotten World', 'Warlock Corpse', 2023)
2024-05-03 00:29:18,162, 20, DEBUG, (2243, 'Filthy Throne (Verse)', 'Leaving This Rotten World', 'Warlock Corpse', 2023)
2024-05-03 00:29:18,162, 20, DEBUG, (2244, 'Filthy Throne', 'Leaving This Rotten World', 'Warlock Corpse', 2023)
2024-05-03 00:29:18,162, 20, DEBUG, (2245, 'Insidious Move', 'Leaving This Rotten World', 'Warlock Corpse', 2023)
2024-05-03 00:29:18,162, 20, DEBUG, (2246, 'Leaving This World #2', 'Leaving This Rotten World', 'Warlock Corpse', 2023)
2024-05-03 00:29:18,162, 20, DEBUG, (2247, 'The Forgotten Winter (Side A)', 'The Forgotten Winter', 'Winter Sphere', 2022)
2024-05-03 00:29:18,162, 20, DEBUG, (2248, 'The Forgotten Winter (Side B)', 'The Forgotten Winter', 'Winter Sphere', 2022)
2024-05-03 00:29:18,162, 20, DEBUG, (2249, 'Frozen Paths Between Us', 'Frozen Paths Between Us, Grey Skies Above', 'Wintergaze', 2023)
2024-05-03 00:29:18,162, 20, DEBUG, (2250, 'All Our Dreaming Led to Torment', 'Frozen Paths Between Us, Grey Skies Above', 'Wintergaze', 2023)
2024-05-03 00:29:18,162, 20, DEBUG, (2251, 'Shattered Charm', 'Frozen Paths Between Us, Grey Skies Above', 'Wintergaze', 2023)
2024-05-03 00:29:18,162, 20, DEBUG, (2252, 'Grey Skies Above', 'Frozen Paths Between Us, Grey Skies Above', 'Wintergaze', 2023)
2024-05-03 00:29:18,162, 20, DEBUG, (2253, 'Everywhere Memorial', 'Frozen Paths Between Us, Grey Skies Above', 'Wintergaze', 2023)
2024-05-03 00:29:18,162, 20, DEBUG, (2254, 'Leaving Chimes', 'Frozen Paths Between Us, Grey Skies Above', 'Wintergaze', 2023)
2024-05-03 00:29:18,162, 20, DEBUG, (2255, 'Elegy of the Celestial Wanderer', 'Dreaming Amongst the Dead Stars', 'WitchKing', 2024)
2024-05-03 00:29:18,162, 20, DEBUG, (2256, 'Fading Echoes of Lost Memories', 'Dreaming Amongst the Dead Stars', 'WitchKing', 2024)
2024-05-03 00:29:18,162, 20, DEBUG, (2257, 'Nocturnal Tears in the Midnight Sky', 'Dreaming Amongst the Dead Stars', 'WitchKing', 2024)
2024-05-03 00:29:18,162, 20, DEBUG, (2258, 'Dreams Drifting Beyond the Stars', 'Dreaming Amongst the Dead Stars', 'WitchKing', 2024)
2024-05-03 00:29:18,162, 20, DEBUG, (2259, 'Digging My Own Grave (2024 Remake)', 'Unending Sorrow/Digging My Own Grave', 'Gregfilth', 2024)
2024-05-03 00:29:18,162, 20, DEBUG, (2260, 'Unending Sorrow', 'Unending Sorrow/Digging My Own Grave', 'Without the Sky', 2024)
2024-05-03 00:29:18,162, 24, DEBUG, 573
